<?xml version="1.0" encoding="UTF-8"?>
<robot generator="Robot 7.4.2 (Python 3.14.3 on darwin)" generated="2026-03-11T00:38:05.654868" rpa="false" schemaversion="5">
<suite id="s1" name="Testcases" source="/Users/pavaret.w/Documents/ttb_test_pavaret/assignment2-5/testcases">
<suite id="s1-s1" name="Assignment4" source="/Users/pavaret.w/Documents/ttb_test_pavaret/assignment2-5/testcases/assignment4.robot">
<test id="s1-s1-t1" name="Mobile_test_01 : Verify minimal todo application" line="8">
<kw name="Open todo minimal application" owner="common_mobile" type="SETUP">
<msg time="2026-03-11T00:38:06.108061" level="TRACE">Arguments: [  ]</msg>
<kw name="Open Application" owner="AppiumLibrary">
<msg time="2026-03-11T00:38:06.113080" level="TRACE">Arguments: [ 'http://127.0.0.1:4723' | platformName='android' | deviceName='emulator-5554' | app='/Users/pavaret.w/Downloads/app-release.apk' | automationName='UiAutomator2' | autoGrantPermissions=False | noReset=False ]</msg>
<msg time="2026-03-11T00:38:06.114884" level="DEBUG">POST http://127.0.0.1:4723/session {'capabilities': {'firstMatch': [{}], 'alwaysMatch': {'platformName': 'android', 'appium:deviceName': 'emulator-5554', 'appium:app': '/Users/pavaret.w/Downloads/app-release.apk', 'appium:automationName': 'UiAutomator2', 'appium:autoGrantPermissions': False, 'appium:noReset': False}}}</msg>
<msg time="2026-03-11T00:38:06.115190" level="DEBUG">Starting new HTTP connection (1): 127.0.0.1:4723</msg>
<msg time="2026-03-11T00:38:08.582976" level="DEBUG">http://127.0.0.1:4723 "POST /session HTTP/1.1" 200 0</msg>
<msg time="2026-03-11T00:38:08.583261" level="DEBUG">Remote response: status=200 | data={"value":{"capabilities":{"platformName":"android","deviceName":"emulator-5554","app":"/Users/pavaret.w/Downloads/app-release.apk","automationName":"UiAutomator2","autoGrantPermissions":false,"noReset":false,"platform":"LINUX","webStorageEnabled":false,"takesScreenshot":true,"javascriptEnabled":true,"databaseEnabled":false,"networkConnectionEnabled":true,"locationContextEnabled":false,"warnings":{},"desired":{"platformName":"android","deviceName":"emulator-5554","app":"/Users/pavaret.w/Downloads/app-release.apk","automationName":"UiAutomator2","autoGrantPermissions":false,"noReset":false},"deviceUDID":"emulator-5554","appPackage":"com.avjindersinghsekhon.minimaltodo","appActivity":"com.example.avjindersinghsekhon.toodle.MainActivity","pixelRatio":"2.625","statBarHeight":132,"viewportRect":{"left":0,"top":132,"width":1080,"height":2268},"deviceApiLevel":33,"platformVersion":"13","deviceManufacturer":"Google","deviceModel":"sdk_gphone64_arm64","deviceScreenSize":"1080x2400","deviceScreenDensity":420},"sessionId":"7899e286-6b2f-4bde-8d9b-97ff1cb8a301"}} | headers=HTTPHeaderDict({'X-Powered-By': 'Express', 'Access-Control-Allow-Origin': '*', 'Access-Control-Allow-Methods': 'GET, POST, PUT, OPTIONS, DELETE', 'Access-Control-Allow-Headers': 'Cache-Control, Pragma, Origin, X-Requested-With, Content-Type, Accept, User-Agent', 'Vary': 'X-HTTP-Method-Override', 'Content-Type': 'application/json; charset=utf-8', 'Content-Length': '1066', 'ETag': 'W/"42a-TURDu/QanrdNh9+kgU7YpuLNRZo"', 'Date': 'Tue, 10 Mar 2026 17:38:08 GMT', 'Connection': 'keep-alive', 'Keep-Alive': 'timeout=600'})</msg>
<msg time="2026-03-11T00:38:08.583398" level="DEBUG">Finished Request</msg>
<msg time="2026-03-11T00:38:08.585381" level="DEBUG">Opened application with session id 7899e286-6b2f-4bde-8d9b-97ff1cb8a301</msg>
<msg time="2026-03-11T00:38:08.585449" level="TRACE">Return: 1</msg>
<arg>${config.remote_path}</arg>
<arg>platformName=${config.platform_name}</arg>
<arg>deviceName=${config.device_name}</arg>
<arg>app=${config.app_path}</arg>
<arg>automationName=${config.automation_name}</arg>
<arg>autoGrantPermissions=${FALSE}</arg>
<arg>noReset=${FALSE}</arg>
<doc>Opens a new application to the given Appium server.
Capabilities of appium server, Android and iOS,
Please check https://appium.io/docs/en/2.19/guides/caps/
| *Option*            | *Man.* | *Description*     |
| remote_url          | Yes    | Appium server url |
| alias               | No     | alias             |</doc>
<status status="PASS" start="2026-03-11T00:38:06.108330" elapsed="2.477158"/>
</kw>
<msg time="2026-03-11T00:38:08.585592" level="TRACE">Return: None</msg>
<doc>Open todo minimal application</doc>
<status status="PASS" start="2026-03-11T00:38:06.107843" elapsed="2.477775"/>
</kw>
<kw name="Verify all components in home page is displayed" owner="home_feature">
<msg time="2026-03-11T00:38:08.586178" level="TRACE">Arguments: [  ]</msg>
<kw name="Verify header is displayed" owner="home_page">
<msg time="2026-03-11T00:38:08.586404" level="TRACE">Arguments: [  ]</msg>
<kw name="Wait until element is visible with retry" owner="common_mobile">
<msg time="2026-03-11T00:38:08.588591" level="TRACE">Arguments: [ ${locator}='xpath=//android.widget.TextView[@text="Minimal"]' | ${max_attempt}=3 | ${timeout}='40s' ]</msg>
<for flavor="IN RANGE">
<iter>
<kw name="Run Keyword And Return Status" owner="BuiltIn">
<msg time="2026-03-11T00:38:08.589112" level="TRACE">Arguments: [ 'AppiumLibrary.Wait until element is visible' | '${locator}' | '${timeout}' ]</msg>
<kw name="Wait Until Element Is Visible" owner="AppiumLibrary">
<msg time="2026-03-11T00:38:08.589350" level="TRACE">Arguments: [ 'xpath=//android.widget.TextView[@text="Minimal"]' | '40s' ]</msg>
<msg time="2026-03-11T00:38:08.589642" level="DEBUG">POST http://127.0.0.1:4723/session/7899e286-6b2f-4bde-8d9b-97ff1cb8a301/elements {'using': 'xpath', 'value': '//android.widget.TextView[@text="Minimal"]'}</msg>
<msg time="2026-03-11T00:38:08.589860" level="DEBUG">Starting new HTTP connection (1): 127.0.0.1:4723</msg>
<msg time="2026-03-11T00:38:08.908343" level="DEBUG">http://127.0.0.1:4723 "POST /session/7899e286-6b2f-4bde-8d9b-97ff1cb8a301/elements HTTP/1.1" 200 0</msg>
<msg time="2026-03-11T00:38:08.908740" level="DEBUG">Remote response: status=200 | data={"value":[{"element-6066-11e4-a52e-4f735466cecf":"00000000-0000-0312-ffff-ffff0000000d","ELEMENT":"00000000-0000-0312-ffff-ffff0000000d"}]} | headers=HTTPHeaderDict({'X-Powered-By': 'Express', 'Access-Control-Allow-Origin': '*', 'Access-Control-Allow-Methods': 'GET, POST, PUT, OPTIONS, DELETE', 'Access-Control-Allow-Headers': 'Cache-Control, Pragma, Origin, X-Requested-With, Content-Type, Accept, User-Agent', 'Vary': 'X-HTTP-Method-Override', 'Content-Type': 'application/json; charset=utf-8', 'Content-Length': '139', 'ETag': 'W/"8b-UM02s8UmG2thpeAN3tW05hbw+Zk"', 'Date': 'Tue, 10 Mar 2026 17:38:08 GMT', 'Connection': 'keep-alive', 'Keep-Alive': 'timeout=600'})</msg>
<msg time="2026-03-11T00:38:08.908868" level="DEBUG">Finished Request</msg>
<msg time="2026-03-11T00:38:08.909173" level="DEBUG">GET http://127.0.0.1:4723/session/7899e286-6b2f-4bde-8d9b-97ff1cb8a301/element/00000000-0000-0312-ffff-ffff0000000d/displayed {}</msg>
<msg time="2026-03-11T00:38:08.909692" level="DEBUG">Starting new HTTP connection (1): 127.0.0.1:4723</msg>
<msg time="2026-03-11T00:38:08.925326" level="DEBUG">http://127.0.0.1:4723 "GET /session/7899e286-6b2f-4bde-8d9b-97ff1cb8a301/element/00000000-0000-0312-ffff-ffff0000000d/displayed HTTP/1.1" 200 0</msg>
<msg time="2026-03-11T00:38:08.925551" level="DEBUG">Remote response: status=200 | data={"value":true} | headers=HTTPHeaderDict({'X-Powered-By': 'Express', 'Access-Control-Allow-Origin': '*', 'Access-Control-Allow-Methods': 'GET, POST, PUT, OPTIONS, DELETE', 'Access-Control-Allow-Headers': 'Cache-Control, Pragma, Origin, X-Requested-With, Content-Type, Accept, User-Agent', 'Content-Type': 'application/json; charset=utf-8', 'Content-Length': '14', 'ETag': 'W/"e-2ZHvAWebNQpyjGZTg6uyV8/spTo"', 'Date': 'Tue, 10 Mar 2026 17:38:08 GMT', 'Connection': 'keep-alive', 'Keep-Alive': 'timeout=600'})</msg>
<msg time="2026-03-11T00:38:08.925657" level="DEBUG">Finished Request</msg>
<msg time="2026-03-11T00:38:08.925855" level="INFO">xpath criteria: //android.widget.TextView[@text="Minimal"]</msg>
<msg time="2026-03-11T00:38:08.925935" level="TRACE">Return: None</msg>
<arg>${locator}</arg>
<arg>${timeout}</arg>
<doc>Waits until the element specified by the ``locator`` is visible.</doc>
<status status="PASS" start="2026-03-11T00:38:08.589199" elapsed="0.336827"/>
</kw>
<msg time="2026-03-11T00:38:08.926219" level="TRACE">Return: True</msg>
<msg time="2026-03-11T00:38:08.926423" level="INFO">${status} = True</msg>
<var>${status}</var>
<arg>AppiumLibrary.Wait until element is visible</arg>
<arg>${locator}</arg>
<arg>${timeout}</arg>
<doc>Runs the specified keyword and returns the status as a Boolean value.</doc>
<status status="PASS" start="2026-03-11T00:38:08.588939" elapsed="0.337525"/>
</kw>
<if>
<branch type="IF" condition="${status}">
<return>
<status status="PASS" start="2026-03-11T00:38:08.926899" elapsed="0.000190"/>
</return>
<status status="PASS" start="2026-03-11T00:38:08.926685" elapsed="0.000569"/>
</branch>
<status status="PASS" start="2026-03-11T00:38:08.926627" elapsed="0.000715"/>
</if>
<var name="${i}">0</var>
<status status="PASS" start="2026-03-11T00:38:08.588779" elapsed="0.338620"/>
</iter>
<var>${i}</var>
<value>${max_attempt}</value>
<status status="PASS" start="2026-03-11T00:38:08.588663" elapsed="0.338839"/>
</for>
<kw name="Fail" owner="BuiltIn">
<arg>Element '${locator}' not visible after ${max_attempt} attempts</arg>
<doc>Fails the test with the given message and optionally alters its tags.</doc>
<status status="NOT RUN" start="2026-03-11T00:38:08.929028" elapsed="0.000061"/>
</kw>
<msg time="2026-03-11T00:38:08.929215" level="TRACE">Return: None</msg>
<arg>locator=${home_locator.lbl_header}</arg>
<doc>Wait until element is visible with retry
${max_attempt} e.g. by default is 3 rounds
${timeout} e.g. by default is 40s</doc>
<status status="PASS" start="2026-03-11T00:38:08.587401" elapsed="0.341875"/>
</kw>
<msg time="2026-03-11T00:38:08.929365" level="TRACE">Return: None</msg>
<doc>Verify header is displayed</doc>
<status status="PASS" start="2026-03-11T00:38:08.586332" elapsed="0.343088"/>
</kw>
<kw name="Verify kebab icon is displayed" owner="home_page">
<msg time="2026-03-11T00:38:08.929958" level="TRACE">Arguments: [  ]</msg>
<kw name="Wait until element is visible with retry" owner="common_mobile">
<msg time="2026-03-11T00:38:08.934931" level="TRACE">Arguments: [ ${locator}='xpath=//android.widget.ImageView[@content-desc="ตัวเลือกเพิ่มเติม"]' | ${max_attempt}=3 | ${timeout}='40s' ]</msg>
<for flavor="IN RANGE">
<iter>
<kw name="Run Keyword And Return Status" owner="BuiltIn">
<msg time="2026-03-11T00:38:08.935939" level="TRACE">Arguments: [ 'AppiumLibrary.Wait until element is visible' | '${locator}' | '${timeout}' ]</msg>
<kw name="Wait Until Element Is Visible" owner="AppiumLibrary">
<msg time="2026-03-11T00:38:08.936311" level="TRACE">Arguments: [ 'xpath=//android.widget.ImageView[@content-desc="ตัวเลือกเพิ่มเติม"]' | '40s' ]</msg>
<msg time="2026-03-11T00:38:08.936599" level="DEBUG">POST http://127.0.0.1:4723/session/7899e286-6b2f-4bde-8d9b-97ff1cb8a301/elements {'using': 'xpath', 'value': '//android.widget.ImageView[@content-desc="ตัวเลือกเพิ่มเติม"]'}</msg>
<msg time="2026-03-11T00:38:08.937133" level="DEBUG">Starting new HTTP connection (1): 127.0.0.1:4723</msg>
<msg time="2026-03-11T00:38:08.954305" level="DEBUG">http://127.0.0.1:4723 "POST /session/7899e286-6b2f-4bde-8d9b-97ff1cb8a301/elements HTTP/1.1" 200 0</msg>
<msg time="2026-03-11T00:38:08.954631" level="DEBUG">Remote response: status=200 | data={"value":[{"element-6066-11e4-a52e-4f735466cecf":"00000000-0000-0312-ffff-ffff00000012","ELEMENT":"00000000-0000-0312-ffff-ffff00000012"}]} | headers=HTTPHeaderDict({'X-Powered-By': 'Express', 'Access-Control-Allow-Origin': '*', 'Access-Control-Allow-Methods': 'GET, POST, PUT, OPTIONS, DELETE', 'Access-Control-Allow-Headers': 'Cache-Control, Pragma, Origin, X-Requested-With, Content-Type, Accept, User-Agent', 'Vary': 'X-HTTP-Method-Override', 'Content-Type': 'application/json; charset=utf-8', 'Content-Length': '139', 'ETag': 'W/"8b-1v3bks5Gse02SL7iSbFsM12MZBM"', 'Date': 'Tue, 10 Mar 2026 17:38:08 GMT', 'Connection': 'keep-alive', 'Keep-Alive': 'timeout=600'})</msg>
<msg time="2026-03-11T00:38:08.954755" level="DEBUG">Finished Request</msg>
<msg time="2026-03-11T00:38:08.954989" level="DEBUG">GET http://127.0.0.1:4723/session/7899e286-6b2f-4bde-8d9b-97ff1cb8a301/element/00000000-0000-0312-ffff-ffff00000012/displayed {}</msg>
<msg time="2026-03-11T00:38:08.955453" level="DEBUG">Starting new HTTP connection (1): 127.0.0.1:4723</msg>
<msg time="2026-03-11T00:38:08.963597" level="DEBUG">http://127.0.0.1:4723 "GET /session/7899e286-6b2f-4bde-8d9b-97ff1cb8a301/element/00000000-0000-0312-ffff-ffff00000012/displayed HTTP/1.1" 200 0</msg>
<msg time="2026-03-11T00:38:08.963817" level="DEBUG">Remote response: status=200 | data={"value":true} | headers=HTTPHeaderDict({'X-Powered-By': 'Express', 'Access-Control-Allow-Origin': '*', 'Access-Control-Allow-Methods': 'GET, POST, PUT, OPTIONS, DELETE', 'Access-Control-Allow-Headers': 'Cache-Control, Pragma, Origin, X-Requested-With, Content-Type, Accept, User-Agent', 'Content-Type': 'application/json; charset=utf-8', 'Content-Length': '14', 'ETag': 'W/"e-2ZHvAWebNQpyjGZTg6uyV8/spTo"', 'Date': 'Tue, 10 Mar 2026 17:38:08 GMT', 'Connection': 'keep-alive', 'Keep-Alive': 'timeout=600'})</msg>
<msg time="2026-03-11T00:38:08.963927" level="DEBUG">Finished Request</msg>
<msg time="2026-03-11T00:38:08.964122" level="INFO">xpath criteria: //android.widget.ImageView[@content-desc="ตัวเลือกเพิ่มเติม"]</msg>
<msg time="2026-03-11T00:38:08.964186" level="TRACE">Return: None</msg>
<arg>${locator}</arg>
<arg>${timeout}</arg>
<doc>Waits until the element specified by the ``locator`` is visible.</doc>
<status status="PASS" start="2026-03-11T00:38:08.936128" elapsed="0.028139"/>
</kw>
<msg time="2026-03-11T00:38:08.964450" level="TRACE">Return: True</msg>
<msg time="2026-03-11T00:38:08.964621" level="INFO">${status} = True</msg>
<var>${status}</var>
<arg>AppiumLibrary.Wait until element is visible</arg>
<arg>${locator}</arg>
<arg>${timeout}</arg>
<doc>Runs the specified keyword and returns the status as a Boolean value.</doc>
<status status="PASS" start="2026-03-11T00:38:08.935596" elapsed="0.029072"/>
</kw>
<if>
<branch type="IF" condition="${status}">
<return>
<status status="PASS" start="2026-03-11T00:38:08.965055" elapsed="0.000081"/>
</return>
<status status="PASS" start="2026-03-11T00:38:08.964882" elapsed="0.000338"/>
</branch>
<status status="PASS" start="2026-03-11T00:38:08.964834" elapsed="0.000460"/>
</if>
<var name="${i}">0</var>
<status status="PASS" start="2026-03-11T00:38:08.935416" elapsed="0.029928"/>
</iter>
<var>${i}</var>
<value>${max_attempt}</value>
<status status="PASS" start="2026-03-11T00:38:08.935142" elapsed="0.030296"/>
</for>
<kw name="Fail" owner="BuiltIn">
<arg>Element '${locator}' not visible after ${max_attempt} attempts</arg>
<doc>Fails the test with the given message and optionally alters its tags.</doc>
<status status="NOT RUN" start="2026-03-11T00:38:08.965739" elapsed="0.000052"/>
</kw>
<msg time="2026-03-11T00:38:08.965887" level="TRACE">Return: None</msg>
<arg>locator=${home_locator.icon_kebab}</arg>
<doc>Wait until element is visible with retry
${max_attempt} e.g. by default is 3 rounds
${timeout} e.g. by default is 40s</doc>
<status status="PASS" start="2026-03-11T00:38:08.932874" elapsed="0.033071"/>
</kw>
<msg time="2026-03-11T00:38:08.966033" level="TRACE">Return: None</msg>
<doc>Verify kebab icon is displayed</doc>
<status status="PASS" start="2026-03-11T00:38:08.929744" elapsed="0.036341"/>
</kw>
<kw name="Verify add icon is displayed" owner="home_page">
<msg time="2026-03-11T00:38:08.966605" level="TRACE">Arguments: [  ]</msg>
<kw name="Wait until element is visible with retry" owner="common_mobile">
<msg time="2026-03-11T00:38:08.972099" level="TRACE">Arguments: [ ${locator}='xpath=//android.widget.ImageView[@resource-id="com.avjindersinghsekhon.minimaltodo:id/addToDoItemFAB"]' | ${max_attempt}=3 | ${timeout}='40s' ]</msg>
<for flavor="IN RANGE">
<iter>
<kw name="Run Keyword And Return Status" owner="BuiltIn">
<msg time="2026-03-11T00:38:08.973242" level="TRACE">Arguments: [ 'AppiumLibrary.Wait until element is visible' | '${locator}' | '${timeout}' ]</msg>
<kw name="Wait Until Element Is Visible" owner="AppiumLibrary">
<msg time="2026-03-11T00:38:08.973457" level="TRACE">Arguments: [ 'xpath=//android.widget.ImageView[@resource-id="com.avjindersinghsekhon.minimaltodo:id/addToDoItemFAB"]' | '40s' ]</msg>
<msg time="2026-03-11T00:38:08.973805" level="DEBUG">POST http://127.0.0.1:4723/session/7899e286-6b2f-4bde-8d9b-97ff1cb8a301/elements {'using': 'xpath', 'value': '//android.widget.ImageView[@resource-id="com.avjindersinghsekhon.minimaltodo:id/addToDoItemFAB"]'}</msg>
<msg time="2026-03-11T00:38:08.974358" level="DEBUG">Starting new HTTP connection (1): 127.0.0.1:4723</msg>
<msg time="2026-03-11T00:38:08.993060" level="DEBUG">http://127.0.0.1:4723 "POST /session/7899e286-6b2f-4bde-8d9b-97ff1cb8a301/elements HTTP/1.1" 200 0</msg>
<msg time="2026-03-11T00:38:08.993366" level="DEBUG">Remote response: status=200 | data={"value":[{"element-6066-11e4-a52e-4f735466cecf":"00000000-0000-0312-ffff-ffff0000000f","ELEMENT":"00000000-0000-0312-ffff-ffff0000000f"}]} | headers=HTTPHeaderDict({'X-Powered-By': 'Express', 'Access-Control-Allow-Origin': '*', 'Access-Control-Allow-Methods': 'GET, POST, PUT, OPTIONS, DELETE', 'Access-Control-Allow-Headers': 'Cache-Control, Pragma, Origin, X-Requested-With, Content-Type, Accept, User-Agent', 'Vary': 'X-HTTP-Method-Override', 'Content-Type': 'application/json; charset=utf-8', 'Content-Length': '139', 'ETag': 'W/"8b-BWMTnFIW1w0ohnihZ4oocT0/OSE"', 'Date': 'Tue, 10 Mar 2026 17:38:08 GMT', 'Connection': 'keep-alive', 'Keep-Alive': 'timeout=600'})</msg>
<msg time="2026-03-11T00:38:08.993465" level="DEBUG">Finished Request</msg>
<msg time="2026-03-11T00:38:08.993820" level="DEBUG">GET http://127.0.0.1:4723/session/7899e286-6b2f-4bde-8d9b-97ff1cb8a301/element/00000000-0000-0312-ffff-ffff0000000f/displayed {}</msg>
<msg time="2026-03-11T00:38:08.994294" level="DEBUG">Starting new HTTP connection (1): 127.0.0.1:4723</msg>
<msg time="2026-03-11T00:38:09.002070" level="DEBUG">http://127.0.0.1:4723 "GET /session/7899e286-6b2f-4bde-8d9b-97ff1cb8a301/element/00000000-0000-0312-ffff-ffff0000000f/displayed HTTP/1.1" 200 0</msg>
<msg time="2026-03-11T00:38:09.002277" level="DEBUG">Remote response: status=200 | data={"value":true} | headers=HTTPHeaderDict({'X-Powered-By': 'Express', 'Access-Control-Allow-Origin': '*', 'Access-Control-Allow-Methods': 'GET, POST, PUT, OPTIONS, DELETE', 'Access-Control-Allow-Headers': 'Cache-Control, Pragma, Origin, X-Requested-With, Content-Type, Accept, User-Agent', 'Content-Type': 'application/json; charset=utf-8', 'Content-Length': '14', 'ETag': 'W/"e-2ZHvAWebNQpyjGZTg6uyV8/spTo"', 'Date': 'Tue, 10 Mar 2026 17:38:08 GMT', 'Connection': 'keep-alive', 'Keep-Alive': 'timeout=600'})</msg>
<msg time="2026-03-11T00:38:09.002383" level="DEBUG">Finished Request</msg>
<msg time="2026-03-11T00:38:09.002537" level="INFO">xpath criteria: //android.widget.ImageView[@resource-id="com.avjindersinghsekhon.minimaltodo:id/addToDoItemFAB"]</msg>
<msg time="2026-03-11T00:38:09.002589" level="TRACE">Return: None</msg>
<arg>${locator}</arg>
<arg>${timeout}</arg>
<doc>Waits until the element specified by the ``locator`` is visible.</doc>
<status status="PASS" start="2026-03-11T00:38:08.973370" elapsed="0.029280"/>
</kw>
<msg time="2026-03-11T00:38:09.002773" level="TRACE">Return: True</msg>
<msg time="2026-03-11T00:38:09.002893" level="INFO">${status} = True</msg>
<var>${status}</var>
<arg>AppiumLibrary.Wait until element is visible</arg>
<arg>${locator}</arg>
<arg>${timeout}</arg>
<doc>Runs the specified keyword and returns the status as a Boolean value.</doc>
<status status="PASS" start="2026-03-11T00:38:08.973087" elapsed="0.029844"/>
</kw>
<if>
<branch type="IF" condition="${status}">
<return>
<status status="PASS" start="2026-03-11T00:38:09.003233" elapsed="0.000074"/>
</return>
<status status="PASS" start="2026-03-11T00:38:09.003086" elapsed="0.000291"/>
</branch>
<status status="PASS" start="2026-03-11T00:38:09.003053" elapsed="0.000398"/>
</if>
<var name="${i}">0</var>
<status status="PASS" start="2026-03-11T00:38:08.972912" elapsed="0.030584"/>
</iter>
<var>${i}</var>
<value>${max_attempt}</value>
<status status="PASS" start="2026-03-11T00:38:08.972356" elapsed="0.031231"/>
</for>
<kw name="Fail" owner="BuiltIn">
<arg>Element '${locator}' not visible after ${max_attempt} attempts</arg>
<doc>Fails the test with the given message and optionally alters its tags.</doc>
<status status="NOT RUN" start="2026-03-11T00:38:09.003928" elapsed="0.000088"/>
</kw>
<msg time="2026-03-11T00:38:09.004115" level="TRACE">Return: None</msg>
<arg>locator=${home_locator.btn_add}</arg>
<doc>Wait until element is visible with retry
${max_attempt} e.g. by default is 3 rounds
${timeout} e.g. by default is 40s</doc>
<status status="PASS" start="2026-03-11T00:38:08.970060" elapsed="0.034110"/>
</kw>
<msg time="2026-03-11T00:38:09.004251" level="TRACE">Return: None</msg>
<doc>Verify add icon is displayed</doc>
<status status="PASS" start="2026-03-11T00:38:08.966368" elapsed="0.037928"/>
</kw>
<msg time="2026-03-11T00:38:09.004361" level="TRACE">Return: None</msg>
<doc>Verify all components in home page is displayed</doc>
<status status="PASS" start="2026-03-11T00:38:08.585971" elapsed="0.418432"/>
</kw>
<kw name="Tap add button" owner="home_page">
<msg time="2026-03-11T00:38:09.005030" level="TRACE">Arguments: [  ]</msg>
<kw name="Tap element when ready" owner="common_mobile">
<msg time="2026-03-11T00:38:09.006126" level="TRACE">Arguments: [ ${locator}='xpath=//android.widget.ImageView[@resource-id="com.avjindersinghsekhon.minimaltodo:id/addToDoItemFAB"]' | ${timeout}='40s' ]</msg>
<kw name="Wait until element is visible with retry" owner="common_mobile">
<msg time="2026-03-11T00:38:09.007545" level="TRACE">Arguments: [ ${locator}='xpath=//android.widget.ImageView[@resource-id="com.avjindersinghsekhon.minimaltodo:id/addToDoItemFAB"]' | ${max_attempt}=3 | ${timeout}='40s' ]</msg>
<for flavor="IN RANGE">
<iter>
<kw name="Run Keyword And Return Status" owner="BuiltIn">
<msg time="2026-03-11T00:38:09.008002" level="TRACE">Arguments: [ 'AppiumLibrary.Wait until element is visible' | '${locator}' | '${timeout}' ]</msg>
<kw name="Wait Until Element Is Visible" owner="AppiumLibrary">
<msg time="2026-03-11T00:38:09.008385" level="TRACE">Arguments: [ 'xpath=//android.widget.ImageView[@resource-id="com.avjindersinghsekhon.minimaltodo:id/addToDoItemFAB"]' | '40s' ]</msg>
<msg time="2026-03-11T00:38:09.008539" level="DEBUG">POST http://127.0.0.1:4723/session/7899e286-6b2f-4bde-8d9b-97ff1cb8a301/elements {'using': 'xpath', 'value': '//android.widget.ImageView[@resource-id="com.avjindersinghsekhon.minimaltodo:id/addToDoItemFAB"]'}</msg>
<msg time="2026-03-11T00:38:09.008718" level="DEBUG">Starting new HTTP connection (1): 127.0.0.1:4723</msg>
<msg time="2026-03-11T00:38:09.027935" level="DEBUG">http://127.0.0.1:4723 "POST /session/7899e286-6b2f-4bde-8d9b-97ff1cb8a301/elements HTTP/1.1" 200 0</msg>
<msg time="2026-03-11T00:38:09.028260" level="DEBUG">Remote response: status=200 | data={"value":[{"element-6066-11e4-a52e-4f735466cecf":"00000000-0000-0312-ffff-ffff0000000f","ELEMENT":"00000000-0000-0312-ffff-ffff0000000f"}]} | headers=HTTPHeaderDict({'X-Powered-By': 'Express', 'Access-Control-Allow-Origin': '*', 'Access-Control-Allow-Methods': 'GET, POST, PUT, OPTIONS, DELETE', 'Access-Control-Allow-Headers': 'Cache-Control, Pragma, Origin, X-Requested-With, Content-Type, Accept, User-Agent', 'Vary': 'X-HTTP-Method-Override', 'Content-Type': 'application/json; charset=utf-8', 'Content-Length': '139', 'ETag': 'W/"8b-BWMTnFIW1w0ohnihZ4oocT0/OSE"', 'Date': 'Tue, 10 Mar 2026 17:38:09 GMT', 'Connection': 'keep-alive', 'Keep-Alive': 'timeout=600'})</msg>
<msg time="2026-03-11T00:38:09.028386" level="DEBUG">Finished Request</msg>
<msg time="2026-03-11T00:38:09.028496" level="DEBUG">GET http://127.0.0.1:4723/session/7899e286-6b2f-4bde-8d9b-97ff1cb8a301/element/00000000-0000-0312-ffff-ffff0000000f/displayed {}</msg>
<msg time="2026-03-11T00:38:09.028675" level="DEBUG">Starting new HTTP connection (1): 127.0.0.1:4723</msg>
<msg time="2026-03-11T00:38:09.034903" level="DEBUG">http://127.0.0.1:4723 "GET /session/7899e286-6b2f-4bde-8d9b-97ff1cb8a301/element/00000000-0000-0312-ffff-ffff0000000f/displayed HTTP/1.1" 200 0</msg>
<msg time="2026-03-11T00:38:09.034973" level="DEBUG">Remote response: status=200 | data={"value":true} | headers=HTTPHeaderDict({'X-Powered-By': 'Express', 'Access-Control-Allow-Origin': '*', 'Access-Control-Allow-Methods': 'GET, POST, PUT, OPTIONS, DELETE', 'Access-Control-Allow-Headers': 'Cache-Control, Pragma, Origin, X-Requested-With, Content-Type, Accept, User-Agent', 'Content-Type': 'application/json; charset=utf-8', 'Content-Length': '14', 'ETag': 'W/"e-2ZHvAWebNQpyjGZTg6uyV8/spTo"', 'Date': 'Tue, 10 Mar 2026 17:38:09 GMT', 'Connection': 'keep-alive', 'Keep-Alive': 'timeout=600'})</msg>
<msg time="2026-03-11T00:38:09.035007" level="DEBUG">Finished Request</msg>
<msg time="2026-03-11T00:38:09.035072" level="INFO">xpath criteria: //android.widget.ImageView[@resource-id="com.avjindersinghsekhon.minimaltodo:id/addToDoItemFAB"]</msg>
<msg time="2026-03-11T00:38:09.035134" level="TRACE">Return: None</msg>
<arg>${locator}</arg>
<arg>${timeout}</arg>
<doc>Waits until the element specified by the ``locator`` is visible.</doc>
<status status="PASS" start="2026-03-11T00:38:09.008206" elapsed="0.026997"/>
</kw>
<msg time="2026-03-11T00:38:09.035337" level="TRACE">Return: True</msg>
<msg time="2026-03-11T00:38:09.035468" level="INFO">${status} = True</msg>
<var>${status}</var>
<arg>AppiumLibrary.Wait until element is visible</arg>
<arg>${locator}</arg>
<arg>${timeout}</arg>
<doc>Runs the specified keyword and returns the status as a Boolean value.</doc>
<status status="PASS" start="2026-03-11T00:38:09.007783" elapsed="0.027726"/>
</kw>
<if>
<branch type="IF" condition="${status}">
<return>
<status status="PASS" start="2026-03-11T00:38:09.035822" elapsed="0.000028"/>
</return>
<status status="PASS" start="2026-03-11T00:38:09.035681" elapsed="0.000193"/>
</branch>
<status status="PASS" start="2026-03-11T00:38:09.035645" elapsed="0.000252"/>
</if>
<var name="${i}">0</var>
<status status="PASS" start="2026-03-11T00:38:09.007710" elapsed="0.028202"/>
</iter>
<var>${i}</var>
<value>${max_attempt}</value>
<status status="PASS" start="2026-03-11T00:38:09.007610" elapsed="0.028333"/>
</for>
<kw name="Fail" owner="BuiltIn">
<arg>Element '${locator}' not visible after ${max_attempt} attempts</arg>
<doc>Fails the test with the given message and optionally alters its tags.</doc>
<status status="NOT RUN" start="2026-03-11T00:38:09.036043" elapsed="0.000019"/>
</kw>
<msg time="2026-03-11T00:38:09.036096" level="TRACE">Return: None</msg>
<arg>locator=${locator}</arg>
<arg>timeout=${timeout}</arg>
<doc>Wait until element is visible with retry
${max_attempt} e.g. by default is 3 rounds
40s e.g. by default is 40s</doc>
<status status="PASS" start="2026-03-11T00:38:09.006829" elapsed="0.029286"/>
</kw>
<kw name="Click Element" owner="AppiumLibrary">
<msg time="2026-03-11T00:38:09.036247" level="TRACE">Arguments: [ 'xpath=//android.widget.ImageView[@resource-id="com.avjindersinghsekhon.minimaltodo:id/addToDoItemFAB"]' ]</msg>
<msg time="2026-03-11T00:38:09.037524" level="INFO">Clicking element 'xpath=//android.widget.ImageView[@resource-id="com.avjindersinghsekhon.minimaltodo:id/addToDoItemFAB"]'.</msg>
<msg time="2026-03-11T00:38:09.037660" level="DEBUG">POST http://127.0.0.1:4723/session/7899e286-6b2f-4bde-8d9b-97ff1cb8a301/elements {'using': 'xpath', 'value': '//android.widget.ImageView[@resource-id="com.avjindersinghsekhon.minimaltodo:id/addToDoItemFAB"]'}</msg>
<msg time="2026-03-11T00:38:09.038016" level="DEBUG">Starting new HTTP connection (1): 127.0.0.1:4723</msg>
<msg time="2026-03-11T00:38:09.054007" level="DEBUG">http://127.0.0.1:4723 "POST /session/7899e286-6b2f-4bde-8d9b-97ff1cb8a301/elements HTTP/1.1" 200 0</msg>
<msg time="2026-03-11T00:38:09.054212" level="DEBUG">Remote response: status=200 | data={"value":[{"element-6066-11e4-a52e-4f735466cecf":"00000000-0000-0312-ffff-ffff0000000f","ELEMENT":"00000000-0000-0312-ffff-ffff0000000f"}]} | headers=HTTPHeaderDict({'X-Powered-By': 'Express', 'Access-Control-Allow-Origin': '*', 'Access-Control-Allow-Methods': 'GET, POST, PUT, OPTIONS, DELETE', 'Access-Control-Allow-Headers': 'Cache-Control, Pragma, Origin, X-Requested-With, Content-Type, Accept, User-Agent', 'Vary': 'X-HTTP-Method-Override', 'Content-Type': 'application/json; charset=utf-8', 'Content-Length': '139', 'ETag': 'W/"8b-BWMTnFIW1w0ohnihZ4oocT0/OSE"', 'Date': 'Tue, 10 Mar 2026 17:38:09 GMT', 'Connection': 'keep-alive', 'Keep-Alive': 'timeout=600'})</msg>
<msg time="2026-03-11T00:38:09.054322" level="DEBUG">Finished Request</msg>
<msg time="2026-03-11T00:38:09.054544" level="DEBUG">POST http://127.0.0.1:4723/session/7899e286-6b2f-4bde-8d9b-97ff1cb8a301/element/00000000-0000-0312-ffff-ffff0000000f/click {}</msg>
<msg time="2026-03-11T00:38:09.054995" level="DEBUG">Starting new HTTP connection (1): 127.0.0.1:4723</msg>
<msg time="2026-03-11T00:38:09.096932" level="DEBUG">http://127.0.0.1:4723 "POST /session/7899e286-6b2f-4bde-8d9b-97ff1cb8a301/element/00000000-0000-0312-ffff-ffff0000000f/click HTTP/1.1" 200 0</msg>
<msg time="2026-03-11T00:38:09.097277" level="DEBUG">Remote response: status=200 | data={"value":null} | headers=HTTPHeaderDict({'X-Powered-By': 'Express', 'Access-Control-Allow-Origin': '*', 'Access-Control-Allow-Methods': 'GET, POST, PUT, OPTIONS, DELETE', 'Access-Control-Allow-Headers': 'Cache-Control, Pragma, Origin, X-Requested-With, Content-Type, Accept, User-Agent', 'Vary': 'X-HTTP-Method-Override', 'Content-Type': 'application/json; charset=utf-8', 'Content-Length': '14', 'ETag': 'W/"e-9/1BuKMgFObM1mWJm+YjxtXJnUM"', 'Date': 'Tue, 10 Mar 2026 17:38:09 GMT', 'Connection': 'keep-alive', 'Keep-Alive': 'timeout=600'})</msg>
<msg time="2026-03-11T00:38:09.097473" level="DEBUG">Finished Request</msg>
<msg time="2026-03-11T00:38:09.097637" level="INFO">xpath criteria: //android.widget.ImageView[@resource-id="com.avjindersinghsekhon.minimaltodo:id/addToDoItemFAB"]</msg>
<msg time="2026-03-11T00:38:09.097693" level="TRACE">Return: None</msg>
<arg>${locator}</arg>
<doc>Clicks the element identified by ``locator``.</doc>
<status status="PASS" start="2026-03-11T00:38:09.036190" elapsed="0.061623"/>
</kw>
<msg time="2026-03-11T00:38:09.098051" level="TRACE">Return: None</msg>
<arg>locator=${home_locator.btn_add}</arg>
<doc>Tap element when element is ready</doc>
<status status="PASS" start="2026-03-11T00:38:09.005236" elapsed="0.092886"/>
</kw>
<msg time="2026-03-11T00:38:09.098215" level="TRACE">Return: None</msg>
<doc>Tap add button</doc>
<status status="PASS" start="2026-03-11T00:38:09.004797" elapsed="0.093464"/>
</kw>
<kw name="Verify all components in add todo page is displayed" owner="add_todo_feature">
<msg time="2026-03-11T00:38:09.099077" level="TRACE">Arguments: [  ]</msg>
<kw name="Verify title is displayed" owner="add_todo_page">
<msg time="2026-03-11T00:38:09.099495" level="TRACE">Arguments: [  ]</msg>
<kw name="Wait until element is visible with retry" owner="common_mobile">
<msg time="2026-03-11T00:38:09.104740" level="TRACE">Arguments: [ ${locator}='xpath=//bi[@resource-id="com.avjindersinghsekhon.minimaltodo:id/toDoCustomTextInput"]' | ${max_attempt}=3 | ${timeout}='40s' ]</msg>
<for flavor="IN RANGE">
<iter>
<kw name="Run Keyword And Return Status" owner="BuiltIn">
<msg time="2026-03-11T00:38:09.106418" level="TRACE">Arguments: [ 'AppiumLibrary.Wait until element is visible' | '${locator}' | '${timeout}' ]</msg>
<kw name="Wait Until Element Is Visible" owner="AppiumLibrary">
<msg time="2026-03-11T00:38:09.106883" level="TRACE">Arguments: [ 'xpath=//bi[@resource-id="com.avjindersinghsekhon.minimaltodo:id/toDoCustomTextInput"]' | '40s' ]</msg>
<msg time="2026-03-11T00:38:09.107313" level="DEBUG">POST http://127.0.0.1:4723/session/7899e286-6b2f-4bde-8d9b-97ff1cb8a301/elements {'using': 'xpath', 'value': '//bi[@resource-id="com.avjindersinghsekhon.minimaltodo:id/toDoCustomTextInput"]'}</msg>
<msg time="2026-03-11T00:38:09.107852" level="DEBUG">Starting new HTTP connection (1): 127.0.0.1:4723</msg>
<msg time="2026-03-11T00:38:09.697920" level="DEBUG">http://127.0.0.1:4723 "POST /session/7899e286-6b2f-4bde-8d9b-97ff1cb8a301/elements HTTP/1.1" 200 0</msg>
<msg time="2026-03-11T00:38:09.698437" level="DEBUG">Remote response: status=200 | data={"value":[{"element-6066-11e4-a52e-4f735466cecf":"00000000-0000-0313-ffff-ffff0000001f","ELEMENT":"00000000-0000-0313-ffff-ffff0000001f"}]} | headers=HTTPHeaderDict({'X-Powered-By': 'Express', 'Access-Control-Allow-Origin': '*', 'Access-Control-Allow-Methods': 'GET, POST, PUT, OPTIONS, DELETE', 'Access-Control-Allow-Headers': 'Cache-Control, Pragma, Origin, X-Requested-With, Content-Type, Accept, User-Agent', 'Vary': 'X-HTTP-Method-Override', 'Content-Type': 'application/json; charset=utf-8', 'Content-Length': '139', 'ETag': 'W/"8b-OpcSo4izk5VBqaqyrfTqa9eeEUU"', 'Date': 'Tue, 10 Mar 2026 17:38:09 GMT', 'Connection': 'keep-alive', 'Keep-Alive': 'timeout=600'})</msg>
<msg time="2026-03-11T00:38:09.698707" level="DEBUG">Finished Request</msg>
<msg time="2026-03-11T00:38:09.699111" level="DEBUG">GET http://127.0.0.1:4723/session/7899e286-6b2f-4bde-8d9b-97ff1cb8a301/element/00000000-0000-0313-ffff-ffff0000001f/displayed {}</msg>
<msg time="2026-03-11T00:38:09.699621" level="DEBUG">Starting new HTTP connection (1): 127.0.0.1:4723</msg>
<msg time="2026-03-11T00:38:09.710561" level="DEBUG">http://127.0.0.1:4723 "GET /session/7899e286-6b2f-4bde-8d9b-97ff1cb8a301/element/00000000-0000-0313-ffff-ffff0000001f/displayed HTTP/1.1" 200 0</msg>
<msg time="2026-03-11T00:38:09.710894" level="DEBUG">Remote response: status=200 | data={"value":true} | headers=HTTPHeaderDict({'X-Powered-By': 'Express', 'Access-Control-Allow-Origin': '*', 'Access-Control-Allow-Methods': 'GET, POST, PUT, OPTIONS, DELETE', 'Access-Control-Allow-Headers': 'Cache-Control, Pragma, Origin, X-Requested-With, Content-Type, Accept, User-Agent', 'Content-Type': 'application/json; charset=utf-8', 'Content-Length': '14', 'ETag': 'W/"e-2ZHvAWebNQpyjGZTg6uyV8/spTo"', 'Date': 'Tue, 10 Mar 2026 17:38:09 GMT', 'Connection': 'keep-alive', 'Keep-Alive': 'timeout=600'})</msg>
<msg time="2026-03-11T00:38:09.711091" level="DEBUG">Finished Request</msg>
<msg time="2026-03-11T00:38:09.711380" level="INFO">xpath criteria: //bi[@resource-id="com.avjindersinghsekhon.minimaltodo:id/toDoCustomTextInput"]</msg>
<msg time="2026-03-11T00:38:09.711490" level="TRACE">Return: None</msg>
<arg>${locator}</arg>
<arg>${timeout}</arg>
<doc>Waits until the element specified by the ``locator`` is visible.</doc>
<status status="PASS" start="2026-03-11T00:38:09.106671" elapsed="0.604947"/>
</kw>
<msg time="2026-03-11T00:38:09.711878" level="TRACE">Return: True</msg>
<msg time="2026-03-11T00:38:09.712099" level="INFO">${status} = True</msg>
<var>${status}</var>
<arg>AppiumLibrary.Wait until element is visible</arg>
<arg>${locator}</arg>
<arg>${timeout}</arg>
<doc>Runs the specified keyword and returns the status as a Boolean value.</doc>
<status status="PASS" start="2026-03-11T00:38:09.105970" elapsed="0.606207"/>
</kw>
<if>
<branch type="IF" condition="${status}">
<return>
<status status="PASS" start="2026-03-11T00:38:09.712752" elapsed="0.000214"/>
</return>
<status status="PASS" start="2026-03-11T00:38:09.712479" elapsed="0.000631"/>
</branch>
<status status="PASS" start="2026-03-11T00:38:09.712419" elapsed="0.000802"/>
</if>
<var name="${i}">0</var>
<status status="PASS" start="2026-03-11T00:38:09.105370" elapsed="0.607915"/>
</iter>
<var>${i}</var>
<value>${max_attempt}</value>
<status status="PASS" start="2026-03-11T00:38:09.104977" elapsed="0.608431"/>
</for>
<kw name="Fail" owner="BuiltIn">
<arg>Element '${locator}' not visible after ${max_attempt} attempts</arg>
<doc>Fails the test with the given message and optionally alters its tags.</doc>
<status status="NOT RUN" start="2026-03-11T00:38:09.713821" elapsed="0.000072"/>
</kw>
<msg time="2026-03-11T00:38:09.714038" level="TRACE">Return: None</msg>
<arg>locator=${add_todo_locator.lbl_title}</arg>
<doc>Wait until element is visible with retry
${max_attempt} e.g. by default is 3 rounds
${timeout} e.g. by default is 40s</doc>
<status status="PASS" start="2026-03-11T00:38:09.102214" elapsed="0.611905"/>
</kw>
<msg time="2026-03-11T00:38:09.714235" level="TRACE">Return: None</msg>
<doc>Verify title is displayed</doc>
<status status="PASS" start="2026-03-11T00:38:09.099345" elapsed="0.614962"/>
</kw>
<kw name="Verify input title field is displayed" owner="add_todo_page">
<msg time="2026-03-11T00:38:09.714938" level="TRACE">Arguments: [  ]</msg>
<kw name="Wait until element is visible with retry" owner="common_mobile">
<msg time="2026-03-11T00:38:09.719726" level="TRACE">Arguments: [ ${locator}='xpath=//bi[@resource-id="com.avjindersinghsekhon.minimaltodo:id/toDoCustomTextInput"]/android.widget.EditText' | ${max_attempt}=3 | ${timeout}='40s' ]</msg>
<for flavor="IN RANGE">
<iter>
<kw name="Run Keyword And Return Status" owner="BuiltIn">
<msg time="2026-03-11T00:38:09.720707" level="TRACE">Arguments: [ 'AppiumLibrary.Wait until element is visible' | '${locator}' | '${timeout}' ]</msg>
<kw name="Wait Until Element Is Visible" owner="AppiumLibrary">
<msg time="2026-03-11T00:38:09.721063" level="TRACE">Arguments: [ 'xpath=//bi[@resource-id="com.avjindersinghsekhon.minimaltodo:id/toDoCustomTextInput"]/android.widget.EditText' | '40s' ]</msg>
<msg time="2026-03-11T00:38:09.721303" level="DEBUG">POST http://127.0.0.1:4723/session/7899e286-6b2f-4bde-8d9b-97ff1cb8a301/elements {'using': 'xpath', 'value': '//bi[@resource-id="com.avjindersinghsekhon.minimaltodo:id/toDoCustomTextInput"]/android.widget.EditT...'}</msg>
<msg time="2026-03-11T00:38:09.721682" level="DEBUG">Starting new HTTP connection (1): 127.0.0.1:4723</msg>
<msg time="2026-03-11T00:38:09.744166" level="DEBUG">http://127.0.0.1:4723 "POST /session/7899e286-6b2f-4bde-8d9b-97ff1cb8a301/elements HTTP/1.1" 200 0</msg>
<msg time="2026-03-11T00:38:09.744532" level="DEBUG">Remote response: status=200 | data={"value":[{"element-6066-11e4-a52e-4f735466cecf":"00000000-0000-0313-ffff-ffff00000020","ELEMENT":"00000000-0000-0313-ffff-ffff00000020"}]} | headers=HTTPHeaderDict({'X-Powered-By': 'Express', 'Access-Control-Allow-Origin': '*', 'Access-Control-Allow-Methods': 'GET, POST, PUT, OPTIONS, DELETE', 'Access-Control-Allow-Headers': 'Cache-Control, Pragma, Origin, X-Requested-With, Content-Type, Accept, User-Agent', 'Vary': 'X-HTTP-Method-Override', 'Content-Type': 'application/json; charset=utf-8', 'Content-Length': '139', 'ETag': 'W/"8b-u7Lxb9KxXTnu9+0W5fMIXgcVmn0"', 'Date': 'Tue, 10 Mar 2026 17:38:09 GMT', 'Connection': 'keep-alive', 'Keep-Alive': 'timeout=600'})</msg>
<msg time="2026-03-11T00:38:09.744692" level="DEBUG">Finished Request</msg>
<msg time="2026-03-11T00:38:09.744979" level="DEBUG">GET http://127.0.0.1:4723/session/7899e286-6b2f-4bde-8d9b-97ff1cb8a301/element/00000000-0000-0313-ffff-ffff00000020/displayed {}</msg>
<msg time="2026-03-11T00:38:09.745586" level="DEBUG">Starting new HTTP connection (1): 127.0.0.1:4723</msg>
<msg time="2026-03-11T00:38:09.756401" level="DEBUG">http://127.0.0.1:4723 "GET /session/7899e286-6b2f-4bde-8d9b-97ff1cb8a301/element/00000000-0000-0313-ffff-ffff00000020/displayed HTTP/1.1" 200 0</msg>
<msg time="2026-03-11T00:38:09.756727" level="DEBUG">Remote response: status=200 | data={"value":true} | headers=HTTPHeaderDict({'X-Powered-By': 'Express', 'Access-Control-Allow-Origin': '*', 'Access-Control-Allow-Methods': 'GET, POST, PUT, OPTIONS, DELETE', 'Access-Control-Allow-Headers': 'Cache-Control, Pragma, Origin, X-Requested-With, Content-Type, Accept, User-Agent', 'Content-Type': 'application/json; charset=utf-8', 'Content-Length': '14', 'ETag': 'W/"e-2ZHvAWebNQpyjGZTg6uyV8/spTo"', 'Date': 'Tue, 10 Mar 2026 17:38:09 GMT', 'Connection': 'keep-alive', 'Keep-Alive': 'timeout=600'})</msg>
<msg time="2026-03-11T00:38:09.756917" level="DEBUG">Finished Request</msg>
<msg time="2026-03-11T00:38:09.757179" level="INFO">xpath criteria: //bi[@resource-id="com.avjindersinghsekhon.minimaltodo:id/toDoCustomTextInput"]/android.widget.EditText</msg>
<msg time="2026-03-11T00:38:09.757283" level="TRACE">Return: None</msg>
<arg>${locator}</arg>
<arg>${timeout}</arg>
<doc>Waits until the element specified by the ``locator`` is visible.</doc>
<status status="PASS" start="2026-03-11T00:38:09.720897" elapsed="0.036502"/>
</kw>
<msg time="2026-03-11T00:38:09.757616" level="TRACE">Return: True</msg>
<msg time="2026-03-11T00:38:09.757827" level="INFO">${status} = True</msg>
<var>${status}</var>
<arg>AppiumLibrary.Wait until element is visible</arg>
<arg>${locator}</arg>
<arg>${timeout}</arg>
<doc>Runs the specified keyword and returns the status as a Boolean value.</doc>
<status status="PASS" start="2026-03-11T00:38:09.720377" elapsed="0.037527"/>
</kw>
<if>
<branch type="IF" condition="${status}">
<return>
<status status="PASS" start="2026-03-11T00:38:09.758452" elapsed="0.000075"/>
</return>
<status status="PASS" start="2026-03-11T00:38:09.758193" elapsed="0.000412"/>
</branch>
<status status="PASS" start="2026-03-11T00:38:09.758134" elapsed="0.000543"/>
</if>
<var name="${i}">0</var>
<status status="PASS" start="2026-03-11T00:38:09.720193" elapsed="0.038527"/>
</iter>
<var>${i}</var>
<value>${max_attempt}</value>
<status status="PASS" start="2026-03-11T00:38:09.719923" elapsed="0.038914"/>
</for>
<kw name="Fail" owner="BuiltIn">
<arg>Element '${locator}' not visible after ${max_attempt} attempts</arg>
<doc>Fails the test with the given message and optionally alters its tags.</doc>
<status status="NOT RUN" start="2026-03-11T00:38:09.759117" elapsed="0.000050"/>
</kw>
<msg time="2026-03-11T00:38:09.759260" level="TRACE">Return: None</msg>
<arg>locator=${add_todo_locator.txt_input_title}</arg>
<doc>Wait until element is visible with retry
${max_attempt} e.g. by default is 3 rounds
${timeout} e.g. by default is 40s</doc>
<status status="PASS" start="2026-03-11T00:38:09.717704" elapsed="0.041612"/>
</kw>
<msg time="2026-03-11T00:38:09.759400" level="TRACE">Return: None</msg>
<doc>Verify input title field is displayed</doc>
<status status="PASS" start="2026-03-11T00:38:09.714675" elapsed="0.044776"/>
</kw>
<kw name="Verify send button is displayed" owner="add_todo_page">
<msg time="2026-03-11T00:38:09.759939" level="TRACE">Arguments: [  ]</msg>
<kw name="Wait until element is visible with retry" owner="common_mobile">
<msg time="2026-03-11T00:38:09.764717" level="TRACE">Arguments: [ ${locator}='xpath=//android.widget.ImageView[@resource-id="com.avjindersinghsekhon.minimaltodo:id/makeToDoFloatingActionButton"]' | ${max_attempt}=3 | ${timeout}='40s' ]</msg>
<for flavor="IN RANGE">
<iter>
<kw name="Run Keyword And Return Status" owner="BuiltIn">
<msg time="2026-03-11T00:38:09.765703" level="TRACE">Arguments: [ 'AppiumLibrary.Wait until element is visible' | '${locator}' | '${timeout}' ]</msg>
<kw name="Wait Until Element Is Visible" owner="AppiumLibrary">
<msg time="2026-03-11T00:38:09.766099" level="TRACE">Arguments: [ 'xpath=//android.widget.ImageView[@resource-id="com.avjindersinghsekhon.minimaltodo:id/makeToDoFloatingActionButton"]' | '40s' ]</msg>
<msg time="2026-03-11T00:38:09.766356" level="DEBUG">POST http://127.0.0.1:4723/session/7899e286-6b2f-4bde-8d9b-97ff1cb8a301/elements {'using': 'xpath', 'value': '//android.widget.ImageView[@resource-id="com.avjindersinghsekhon.minimaltodo:id/makeToDoFloatingActi...'}</msg>
<msg time="2026-03-11T00:38:09.766730" level="DEBUG">Starting new HTTP connection (1): 127.0.0.1:4723</msg>
<msg time="2026-03-11T00:38:09.787101" level="DEBUG">http://127.0.0.1:4723 "POST /session/7899e286-6b2f-4bde-8d9b-97ff1cb8a301/elements HTTP/1.1" 200 0</msg>
<msg time="2026-03-11T00:38:09.787391" level="DEBUG">Remote response: status=200 | data={"value":[{"element-6066-11e4-a52e-4f735466cecf":"00000000-0000-0313-ffff-ffff0000002c","ELEMENT":"00000000-0000-0313-ffff-ffff0000002c"}]} | headers=HTTPHeaderDict({'X-Powered-By': 'Express', 'Access-Control-Allow-Origin': '*', 'Access-Control-Allow-Methods': 'GET, POST, PUT, OPTIONS, DELETE', 'Access-Control-Allow-Headers': 'Cache-Control, Pragma, Origin, X-Requested-With, Content-Type, Accept, User-Agent', 'Vary': 'X-HTTP-Method-Override', 'Content-Type': 'application/json; charset=utf-8', 'Content-Length': '139', 'ETag': 'W/"8b-6xFkPn5pxNtxZ9vU2YuITZPABho"', 'Date': 'Tue, 10 Mar 2026 17:38:09 GMT', 'Connection': 'keep-alive', 'Keep-Alive': 'timeout=600'})</msg>
<msg time="2026-03-11T00:38:09.787501" level="DEBUG">Finished Request</msg>
<msg time="2026-03-11T00:38:09.787726" level="DEBUG">GET http://127.0.0.1:4723/session/7899e286-6b2f-4bde-8d9b-97ff1cb8a301/element/00000000-0000-0313-ffff-ffff0000002c/displayed {}</msg>
<msg time="2026-03-11T00:38:09.788200" level="DEBUG">Starting new HTTP connection (1): 127.0.0.1:4723</msg>
<msg time="2026-03-11T00:38:09.799184" level="DEBUG">http://127.0.0.1:4723 "GET /session/7899e286-6b2f-4bde-8d9b-97ff1cb8a301/element/00000000-0000-0313-ffff-ffff0000002c/displayed HTTP/1.1" 200 0</msg>
<msg time="2026-03-11T00:38:09.799538" level="DEBUG">Remote response: status=200 | data={"value":true} | headers=HTTPHeaderDict({'X-Powered-By': 'Express', 'Access-Control-Allow-Origin': '*', 'Access-Control-Allow-Methods': 'GET, POST, PUT, OPTIONS, DELETE', 'Access-Control-Allow-Headers': 'Cache-Control, Pragma, Origin, X-Requested-With, Content-Type, Accept, User-Agent', 'Content-Type': 'application/json; charset=utf-8', 'Content-Length': '14', 'ETag': 'W/"e-2ZHvAWebNQpyjGZTg6uyV8/spTo"', 'Date': 'Tue, 10 Mar 2026 17:38:09 GMT', 'Connection': 'keep-alive', 'Keep-Alive': 'timeout=600'})</msg>
<msg time="2026-03-11T00:38:09.799739" level="DEBUG">Finished Request</msg>
<msg time="2026-03-11T00:38:09.800012" level="INFO">xpath criteria: //android.widget.ImageView[@resource-id="com.avjindersinghsekhon.minimaltodo:id/makeToDoFloatingActionButton"]</msg>
<msg time="2026-03-11T00:38:09.800056" level="TRACE">Return: None</msg>
<arg>${locator}</arg>
<arg>${timeout}</arg>
<doc>Waits until the element specified by the ``locator`` is visible.</doc>
<status status="PASS" start="2026-03-11T00:38:09.765910" elapsed="0.034199"/>
</kw>
<msg time="2026-03-11T00:38:09.800211" level="TRACE">Return: True</msg>
<msg time="2026-03-11T00:38:09.800313" level="INFO">${status} = True</msg>
<var>${status}</var>
<arg>AppiumLibrary.Wait until element is visible</arg>
<arg>${locator}</arg>
<arg>${timeout}</arg>
<doc>Runs the specified keyword and returns the status as a Boolean value.</doc>
<status status="PASS" start="2026-03-11T00:38:09.765358" elapsed="0.034985"/>
</kw>
<if>
<branch type="IF" condition="${status}">
<return>
<status status="PASS" start="2026-03-11T00:38:09.800600" elapsed="0.000058"/>
</return>
<status status="PASS" start="2026-03-11T00:38:09.800478" elapsed="0.000237"/>
</branch>
<status status="PASS" start="2026-03-11T00:38:09.800447" elapsed="0.000321"/>
</if>
<var name="${i}">0</var>
<status status="PASS" start="2026-03-11T00:38:09.765171" elapsed="0.035632"/>
</iter>
<var>${i}</var>
<value>${max_attempt}</value>
<status status="PASS" start="2026-03-11T00:38:09.764903" elapsed="0.035969"/>
</for>
<kw name="Fail" owner="BuiltIn">
<arg>Element '${locator}' not visible after ${max_attempt} attempts</arg>
<doc>Fails the test with the given message and optionally alters its tags.</doc>
<status status="NOT RUN" start="2026-03-11T00:38:09.801196" elapsed="0.000068"/>
</kw>
<msg time="2026-03-11T00:38:09.801390" level="TRACE">Return: None</msg>
<arg>locator=${add_todo_locator.btn_send}</arg>
<doc>Wait until element is visible with retry
${max_attempt} e.g. by default is 3 rounds
${timeout} e.g. by default is 40s</doc>
<status status="PASS" start="2026-03-11T00:38:09.762704" elapsed="0.038761"/>
</kw>
<msg time="2026-03-11T00:38:09.801581" level="TRACE">Return: None</msg>
<doc>Verify send button is displayed</doc>
<status status="PASS" start="2026-03-11T00:38:09.759718" elapsed="0.041932"/>
</kw>
<kw name="Verify clock icon is displayed" owner="add_todo_page">
<msg time="2026-03-11T00:38:09.802221" level="TRACE">Arguments: [  ]</msg>
<kw name="Wait until element is visible with retry" owner="common_mobile">
<msg time="2026-03-11T00:38:09.807472" level="TRACE">Arguments: [ ${locator}='xpath=//android.widget.ImageButton[@resource-id="com.avjindersinghsekhon.minimaltodo:id/userToDoReminderIconImageButton"]' | ${max_attempt}=3 | ${timeout}='40s' ]</msg>
<for flavor="IN RANGE">
<iter>
<kw name="Run Keyword And Return Status" owner="BuiltIn">
<msg time="2026-03-11T00:38:09.808545" level="TRACE">Arguments: [ 'AppiumLibrary.Wait until element is visible' | '${locator}' | '${timeout}' ]</msg>
<kw name="Wait Until Element Is Visible" owner="AppiumLibrary">
<msg time="2026-03-11T00:38:09.809048" level="TRACE">Arguments: [ 'xpath=//android.widget.ImageButton[@resource-id="com.avjindersinghsekhon.minimaltodo:id/userToDoReminderIconImageButton"]' | '40s' ]</msg>
<msg time="2026-03-11T00:38:09.809347" level="DEBUG">POST http://127.0.0.1:4723/session/7899e286-6b2f-4bde-8d9b-97ff1cb8a301/elements {'using': 'xpath', 'value': '//android.widget.ImageButton[@resource-id="com.avjindersinghsekhon.minimaltodo:id/userToDoReminderIc...'}</msg>
<msg time="2026-03-11T00:38:09.809795" level="DEBUG">Starting new HTTP connection (1): 127.0.0.1:4723</msg>
<msg time="2026-03-11T00:38:09.830867" level="DEBUG">http://127.0.0.1:4723 "POST /session/7899e286-6b2f-4bde-8d9b-97ff1cb8a301/elements HTTP/1.1" 200 0</msg>
<msg time="2026-03-11T00:38:09.831380" level="DEBUG">Remote response: status=200 | data={"value":[{"element-6066-11e4-a52e-4f735466cecf":"00000000-0000-0313-ffff-ffff00000023","ELEMENT":"00000000-0000-0313-ffff-ffff00000023"}]} | headers=HTTPHeaderDict({'X-Powered-By': 'Express', 'Access-Control-Allow-Origin': '*', 'Access-Control-Allow-Methods': 'GET, POST, PUT, OPTIONS, DELETE', 'Access-Control-Allow-Headers': 'Cache-Control, Pragma, Origin, X-Requested-With, Content-Type, Accept, User-Agent', 'Vary': 'X-HTTP-Method-Override', 'Content-Type': 'application/json; charset=utf-8', 'Content-Length': '139', 'ETag': 'W/"8b-ZQH8uWOrQtO+zjJbwvrHUH4Dh8Y"', 'Date': 'Tue, 10 Mar 2026 17:38:09 GMT', 'Connection': 'keep-alive', 'Keep-Alive': 'timeout=600'})</msg>
<msg time="2026-03-11T00:38:09.831514" level="DEBUG">Finished Request</msg>
<msg time="2026-03-11T00:38:09.832050" level="DEBUG">GET http://127.0.0.1:4723/session/7899e286-6b2f-4bde-8d9b-97ff1cb8a301/element/00000000-0000-0313-ffff-ffff00000023/displayed {}</msg>
<msg time="2026-03-11T00:38:09.832757" level="DEBUG">Starting new HTTP connection (1): 127.0.0.1:4723</msg>
<msg time="2026-03-11T00:38:09.841600" level="DEBUG">http://127.0.0.1:4723 "GET /session/7899e286-6b2f-4bde-8d9b-97ff1cb8a301/element/00000000-0000-0313-ffff-ffff00000023/displayed HTTP/1.1" 200 0</msg>
<msg time="2026-03-11T00:38:09.842218" level="DEBUG">Remote response: status=200 | data={"value":true} | headers=HTTPHeaderDict({'X-Powered-By': 'Express', 'Access-Control-Allow-Origin': '*', 'Access-Control-Allow-Methods': 'GET, POST, PUT, OPTIONS, DELETE', 'Access-Control-Allow-Headers': 'Cache-Control, Pragma, Origin, X-Requested-With, Content-Type, Accept, User-Agent', 'Content-Type': 'application/json; charset=utf-8', 'Content-Length': '14', 'ETag': 'W/"e-2ZHvAWebNQpyjGZTg6uyV8/spTo"', 'Date': 'Tue, 10 Mar 2026 17:38:09 GMT', 'Connection': 'keep-alive', 'Keep-Alive': 'timeout=600'})</msg>
<msg time="2026-03-11T00:38:09.842427" level="DEBUG">Finished Request</msg>
<msg time="2026-03-11T00:38:09.842680" level="INFO">xpath criteria: //android.widget.ImageButton[@resource-id="com.avjindersinghsekhon.minimaltodo:id/userToDoReminderIconImageButton"]</msg>
<msg time="2026-03-11T00:38:09.842759" level="TRACE">Return: None</msg>
<arg>${locator}</arg>
<arg>${timeout}</arg>
<doc>Waits until the element specified by the ``locator`` is visible.</doc>
<status status="PASS" start="2026-03-11T00:38:09.808827" elapsed="0.034022"/>
</kw>
<msg time="2026-03-11T00:38:09.843021" level="TRACE">Return: True</msg>
<msg time="2026-03-11T00:38:09.843162" level="INFO">${status} = True</msg>
<var>${status}</var>
<arg>AppiumLibrary.Wait until element is visible</arg>
<arg>${locator}</arg>
<arg>${timeout}</arg>
<doc>Runs the specified keyword and returns the status as a Boolean value.</doc>
<status status="PASS" start="2026-03-11T00:38:09.808195" elapsed="0.034997"/>
</kw>
<if>
<branch type="IF" condition="${status}">
<return>
<status status="PASS" start="2026-03-11T00:38:09.843453" elapsed="0.000071"/>
</return>
<status status="PASS" start="2026-03-11T00:38:09.843331" elapsed="0.000251"/>
</branch>
<status status="PASS" start="2026-03-11T00:38:09.843301" elapsed="0.000417"/>
</if>
<var name="${i}">0</var>
<status status="PASS" start="2026-03-11T00:38:09.807991" elapsed="0.035785"/>
</iter>
<var>${i}</var>
<value>${max_attempt}</value>
<status status="PASS" start="2026-03-11T00:38:09.807689" elapsed="0.036179"/>
</for>
<kw name="Fail" owner="BuiltIn">
<arg>Element '${locator}' not visible after ${max_attempt} attempts</arg>
<doc>Fails the test with the given message and optionally alters its tags.</doc>
<status status="NOT RUN" start="2026-03-11T00:38:09.844155" elapsed="0.000056"/>
</kw>
<msg time="2026-03-11T00:38:09.844311" level="TRACE">Return: None</msg>
<arg>locator=${add_todo_locator.icon_clock}</arg>
<doc>Wait until element is visible with retry
${max_attempt} e.g. by default is 3 rounds
${timeout} e.g. by default is 40s</doc>
<status status="PASS" start="2026-03-11T00:38:09.805335" elapsed="0.039037"/>
</kw>
<msg time="2026-03-11T00:38:09.844462" level="TRACE">Return: None</msg>
<doc>Verify clock icon is displayed</doc>
<status status="PASS" start="2026-03-11T00:38:09.802000" elapsed="0.042514"/>
</kw>
<kw name="Verify remind me text is displayed" owner="add_todo_page">
<msg time="2026-03-11T00:38:09.845041" level="TRACE">Arguments: [  ]</msg>
<kw name="Wait until element is visible with retry" owner="common_mobile">
<msg time="2026-03-11T00:38:09.850116" level="TRACE">Arguments: [ ${locator}='xpath=//android.widget.TextView[@resource-id="com.avjindersinghsekhon.minimaltodo:id/userToDoRemindMeTextView"]' | ${max_attempt}=3 | ${timeout}='40s' ]</msg>
<for flavor="IN RANGE">
<iter>
<kw name="Run Keyword And Return Status" owner="BuiltIn">
<msg time="2026-03-11T00:38:09.851865" level="TRACE">Arguments: [ 'AppiumLibrary.Wait until element is visible' | '${locator}' | '${timeout}' ]</msg>
<kw name="Wait Until Element Is Visible" owner="AppiumLibrary">
<msg time="2026-03-11T00:38:09.852247" level="TRACE">Arguments: [ 'xpath=//android.widget.TextView[@resource-id="com.avjindersinghsekhon.minimaltodo:id/userToDoRemindMeTextView"]' | '40s' ]</msg>
<msg time="2026-03-11T00:38:09.852507" level="DEBUG">POST http://127.0.0.1:4723/session/7899e286-6b2f-4bde-8d9b-97ff1cb8a301/elements {'using': 'xpath', 'value': '//android.widget.TextView[@resource-id="com.avjindersinghsekhon.minimaltodo:id/userToDoRemindMeTextV...'}</msg>
<msg time="2026-03-11T00:38:09.852888" level="DEBUG">Starting new HTTP connection (1): 127.0.0.1:4723</msg>
<msg time="2026-03-11T00:38:09.873433" level="DEBUG">http://127.0.0.1:4723 "POST /session/7899e286-6b2f-4bde-8d9b-97ff1cb8a301/elements HTTP/1.1" 200 0</msg>
<msg time="2026-03-11T00:38:09.873629" level="DEBUG">Remote response: status=200 | data={"value":[{"element-6066-11e4-a52e-4f735466cecf":"00000000-0000-0313-ffff-ffff00000024","ELEMENT":"00000000-0000-0313-ffff-ffff00000024"}]} | headers=HTTPHeaderDict({'X-Powered-By': 'Express', 'Access-Control-Allow-Origin': '*', 'Access-Control-Allow-Methods': 'GET, POST, PUT, OPTIONS, DELETE', 'Access-Control-Allow-Headers': 'Cache-Control, Pragma, Origin, X-Requested-With, Content-Type, Accept, User-Agent', 'Vary': 'X-HTTP-Method-Override', 'Content-Type': 'application/json; charset=utf-8', 'Content-Length': '139', 'ETag': 'W/"8b-5hHCyB95v2W2nTFlsylRUKTIK0E"', 'Date': 'Tue, 10 Mar 2026 17:38:09 GMT', 'Connection': 'keep-alive', 'Keep-Alive': 'timeout=600'})</msg>
<msg time="2026-03-11T00:38:09.873723" level="DEBUG">Finished Request</msg>
<msg time="2026-03-11T00:38:09.873961" level="DEBUG">GET http://127.0.0.1:4723/session/7899e286-6b2f-4bde-8d9b-97ff1cb8a301/element/00000000-0000-0313-ffff-ffff00000024/displayed {}</msg>
<msg time="2026-03-11T00:38:09.874366" level="DEBUG">Starting new HTTP connection (1): 127.0.0.1:4723</msg>
<msg time="2026-03-11T00:38:09.883600" level="DEBUG">http://127.0.0.1:4723 "GET /session/7899e286-6b2f-4bde-8d9b-97ff1cb8a301/element/00000000-0000-0313-ffff-ffff00000024/displayed HTTP/1.1" 200 0</msg>
<msg time="2026-03-11T00:38:09.883740" level="DEBUG">Remote response: status=200 | data={"value":true} | headers=HTTPHeaderDict({'X-Powered-By': 'Express', 'Access-Control-Allow-Origin': '*', 'Access-Control-Allow-Methods': 'GET, POST, PUT, OPTIONS, DELETE', 'Access-Control-Allow-Headers': 'Cache-Control, Pragma, Origin, X-Requested-With, Content-Type, Accept, User-Agent', 'Content-Type': 'application/json; charset=utf-8', 'Content-Length': '14', 'ETag': 'W/"e-2ZHvAWebNQpyjGZTg6uyV8/spTo"', 'Date': 'Tue, 10 Mar 2026 17:38:09 GMT', 'Connection': 'keep-alive', 'Keep-Alive': 'timeout=600'})</msg>
<msg time="2026-03-11T00:38:09.883855" level="DEBUG">Finished Request</msg>
<msg time="2026-03-11T00:38:09.883996" level="INFO">xpath criteria: //android.widget.TextView[@resource-id="com.avjindersinghsekhon.minimaltodo:id/userToDoRemindMeTextView"]</msg>
<msg time="2026-03-11T00:38:09.884044" level="TRACE">Return: None</msg>
<arg>${locator}</arg>
<arg>${timeout}</arg>
<doc>Waits until the element specified by the ``locator`` is visible.</doc>
<status status="PASS" start="2026-03-11T00:38:09.852069" elapsed="0.032034"/>
</kw>
<msg time="2026-03-11T00:38:09.884231" level="TRACE">Return: True</msg>
<msg time="2026-03-11T00:38:09.884337" level="INFO">${status} = True</msg>
<var>${status}</var>
<arg>AppiumLibrary.Wait until element is visible</arg>
<arg>${locator}</arg>
<arg>${timeout}</arg>
<doc>Runs the specified keyword and returns the status as a Boolean value.</doc>
<status status="PASS" start="2026-03-11T00:38:09.851498" elapsed="0.032877"/>
</kw>
<if>
<branch type="IF" condition="${status}">
<return>
<status status="PASS" start="2026-03-11T00:38:09.884539" elapsed="0.000057"/>
</return>
<status status="PASS" start="2026-03-11T00:38:09.884474" elapsed="0.000153"/>
</branch>
<status status="PASS" start="2026-03-11T00:38:09.884457" elapsed="0.000197"/>
</if>
<var name="${i}">0</var>
<status status="PASS" start="2026-03-11T00:38:09.850988" elapsed="0.033684"/>
</iter>
<var>${i}</var>
<value>${max_attempt}</value>
<status status="PASS" start="2026-03-11T00:38:09.850520" elapsed="0.034187"/>
</for>
<kw name="Fail" owner="BuiltIn">
<arg>Element '${locator}' not visible after ${max_attempt} attempts</arg>
<doc>Fails the test with the given message and optionally alters its tags.</doc>
<status status="NOT RUN" start="2026-03-11T00:38:09.884826" elapsed="0.000021"/>
</kw>
<msg time="2026-03-11T00:38:09.884886" level="TRACE">Return: None</msg>
<arg>locator=${add_todo_locator.lbl_remind_me}</arg>
<doc>Wait until element is visible with retry
${max_attempt} e.g. by default is 3 rounds
${timeout} e.g. by default is 40s</doc>
<status status="PASS" start="2026-03-11T00:38:09.848194" elapsed="0.036715"/>
</kw>
<msg time="2026-03-11T00:38:09.884950" level="TRACE">Return: None</msg>
<doc>Verify remind me text is displayed</doc>
<status status="PASS" start="2026-03-11T00:38:09.844796" elapsed="0.040196"/>
</kw>
<kw name="Verify toggle button is displayed" owner="add_todo_page">
<msg time="2026-03-11T00:38:09.885410" level="TRACE">Arguments: [  ]</msg>
<kw name="Wait until element is visible with retry" owner="common_mobile">
<msg time="2026-03-11T00:38:09.887960" level="TRACE">Arguments: [ ${locator}='xpath=//android.widget.Switch[@resource-id="com.avjindersinghsekhon.minimaltodo:id/toDoHasDateSwitchCompat"]' | ${max_attempt}=3 | ${timeout}='40s' ]</msg>
<for flavor="IN RANGE">
<iter>
<kw name="Run Keyword And Return Status" owner="BuiltIn">
<msg time="2026-03-11T00:38:09.888377" level="TRACE">Arguments: [ 'AppiumLibrary.Wait until element is visible' | '${locator}' | '${timeout}' ]</msg>
<kw name="Wait Until Element Is Visible" owner="AppiumLibrary">
<msg time="2026-03-11T00:38:09.888553" level="TRACE">Arguments: [ 'xpath=//android.widget.Switch[@resource-id="com.avjindersinghsekhon.minimaltodo:id/toDoHasDateSwitchCompat"]' | '40s' ]</msg>
<msg time="2026-03-11T00:38:09.888678" level="DEBUG">POST http://127.0.0.1:4723/session/7899e286-6b2f-4bde-8d9b-97ff1cb8a301/elements {'using': 'xpath', 'value': '//android.widget.Switch[@resource-id="com.avjindersinghsekhon.minimaltodo:id/toDoHasDateSwitchCompat...'}</msg>
<msg time="2026-03-11T00:38:09.888868" level="DEBUG">Starting new HTTP connection (1): 127.0.0.1:4723</msg>
<msg time="2026-03-11T00:38:09.908078" level="DEBUG">http://127.0.0.1:4723 "POST /session/7899e286-6b2f-4bde-8d9b-97ff1cb8a301/elements HTTP/1.1" 200 0</msg>
<msg time="2026-03-11T00:38:09.908199" level="DEBUG">Remote response: status=200 | data={"value":[{"element-6066-11e4-a52e-4f735466cecf":"00000000-0000-0313-ffff-ffff00000025","ELEMENT":"00000000-0000-0313-ffff-ffff00000025"}]} | headers=HTTPHeaderDict({'X-Powered-By': 'Express', 'Access-Control-Allow-Origin': '*', 'Access-Control-Allow-Methods': 'GET, POST, PUT, OPTIONS, DELETE', 'Access-Control-Allow-Headers': 'Cache-Control, Pragma, Origin, X-Requested-With, Content-Type, Accept, User-Agent', 'Vary': 'X-HTTP-Method-Override', 'Content-Type': 'application/json; charset=utf-8', 'Content-Length': '139', 'ETag': 'W/"8b-0cb05JqQq98ayRza5AFAnkrk0OY"', 'Date': 'Tue, 10 Mar 2026 17:38:09 GMT', 'Connection': 'keep-alive', 'Keep-Alive': 'timeout=600'})</msg>
<msg time="2026-03-11T00:38:09.908244" level="DEBUG">Finished Request</msg>
<msg time="2026-03-11T00:38:09.908340" level="DEBUG">GET http://127.0.0.1:4723/session/7899e286-6b2f-4bde-8d9b-97ff1cb8a301/element/00000000-0000-0313-ffff-ffff00000025/displayed {}</msg>
<msg time="2026-03-11T00:38:09.908532" level="DEBUG">Starting new HTTP connection (1): 127.0.0.1:4723</msg>
<msg time="2026-03-11T00:38:09.917897" level="DEBUG">http://127.0.0.1:4723 "GET /session/7899e286-6b2f-4bde-8d9b-97ff1cb8a301/element/00000000-0000-0313-ffff-ffff00000025/displayed HTTP/1.1" 200 0</msg>
<msg time="2026-03-11T00:38:09.918054" level="DEBUG">Remote response: status=200 | data={"value":true} | headers=HTTPHeaderDict({'X-Powered-By': 'Express', 'Access-Control-Allow-Origin': '*', 'Access-Control-Allow-Methods': 'GET, POST, PUT, OPTIONS, DELETE', 'Access-Control-Allow-Headers': 'Cache-Control, Pragma, Origin, X-Requested-With, Content-Type, Accept, User-Agent', 'Content-Type': 'application/json; charset=utf-8', 'Content-Length': '14', 'ETag': 'W/"e-2ZHvAWebNQpyjGZTg6uyV8/spTo"', 'Date': 'Tue, 10 Mar 2026 17:38:09 GMT', 'Connection': 'keep-alive', 'Keep-Alive': 'timeout=600'})</msg>
<msg time="2026-03-11T00:38:09.918141" level="DEBUG">Finished Request</msg>
<msg time="2026-03-11T00:38:09.918241" level="INFO">xpath criteria: //android.widget.Switch[@resource-id="com.avjindersinghsekhon.minimaltodo:id/toDoHasDateSwitchCompat"]</msg>
<msg time="2026-03-11T00:38:09.918261" level="TRACE">Return: None</msg>
<arg>${locator}</arg>
<arg>${timeout}</arg>
<doc>Waits until the element specified by the ``locator`` is visible.</doc>
<status status="PASS" start="2026-03-11T00:38:09.888468" elapsed="0.029818"/>
</kw>
<msg time="2026-03-11T00:38:09.918339" level="TRACE">Return: True</msg>
<msg time="2026-03-11T00:38:09.918389" level="INFO">${status} = True</msg>
<var>${status}</var>
<arg>AppiumLibrary.Wait until element is visible</arg>
<arg>${locator}</arg>
<arg>${timeout}</arg>
<doc>Runs the specified keyword and returns the status as a Boolean value.</doc>
<status status="PASS" start="2026-03-11T00:38:09.888232" elapsed="0.030169"/>
</kw>
<if>
<branch type="IF" condition="${status}">
<return>
<status status="PASS" start="2026-03-11T00:38:09.918523" elapsed="0.000040"/>
</return>
<status status="PASS" start="2026-03-11T00:38:09.918466" elapsed="0.000159"/>
</branch>
<status status="PASS" start="2026-03-11T00:38:09.918450" elapsed="0.000232"/>
</if>
<var name="${i}">0</var>
<status status="PASS" start="2026-03-11T00:38:09.888149" elapsed="0.030568"/>
</iter>
<var>${i}</var>
<value>${max_attempt}</value>
<status status="PASS" start="2026-03-11T00:38:09.888037" elapsed="0.030750"/>
</for>
<kw name="Fail" owner="BuiltIn">
<arg>Element '${locator}' not visible after ${max_attempt} attempts</arg>
<doc>Fails the test with the given message and optionally alters its tags.</doc>
<status status="NOT RUN" start="2026-03-11T00:38:09.919008" elapsed="0.000046"/>
</kw>
<msg time="2026-03-11T00:38:09.919135" level="TRACE">Return: None</msg>
<arg>locator=${add_todo_locator.btn_toggle}</arg>
<doc>Wait until element is visible with retry
${max_attempt} e.g. by default is 3 rounds
${timeout} e.g. by default is 40s</doc>
<status status="PASS" start="2026-03-11T00:38:09.887086" elapsed="0.032097"/>
</kw>
<msg time="2026-03-11T00:38:09.919255" level="TRACE">Return: None</msg>
<doc>Verify toggle button is displayed</doc>
<status status="PASS" start="2026-03-11T00:38:09.885224" elapsed="0.034072"/>
</kw>
<msg time="2026-03-11T00:38:09.919356" level="TRACE">Return: None</msg>
<doc>Verify all components in add todo page is displayed</doc>
<status status="PASS" start="2026-03-11T00:38:09.098727" elapsed="0.820668"/>
</kw>
<kw name="Input title" owner="add_todo_page">
<msg time="2026-03-11T00:38:09.920012" level="TRACE">Arguments: [ ${title}='test' ]</msg>
<kw name="Tap element and input text to element when ready" owner="common_mobile">
<msg time="2026-03-11T00:38:09.920957" level="TRACE">Arguments: [ ${locator}='xpath=//bi[@resource-id="com.avjindersinghsekhon.minimaltodo:id/toDoCustomTextInput"]/android.widget.EditText' | ${text}='test' | ${timeout}='40s' ]</msg>
<kw name="Wait until element is visible with retry" owner="common_mobile">
<msg time="2026-03-11T00:38:09.922268" level="TRACE">Arguments: [ ${locator}='xpath=//bi[@resource-id="com.avjindersinghsekhon.minimaltodo:id/toDoCustomTextInput"]/android.widget.EditText' | ${max_attempt}=3 | ${timeout}='40s' ]</msg>
<for flavor="IN RANGE">
<iter>
<kw name="Run Keyword And Return Status" owner="BuiltIn">
<msg time="2026-03-11T00:38:09.922767" level="TRACE">Arguments: [ 'AppiumLibrary.Wait until element is visible' | '${locator}' | '${timeout}' ]</msg>
<kw name="Wait Until Element Is Visible" owner="AppiumLibrary">
<msg time="2026-03-11T00:38:09.923062" level="TRACE">Arguments: [ 'xpath=//bi[@resource-id="com.avjindersinghsekhon.minimaltodo:id/toDoCustomTextInput"]/android.widget.EditText' | '40s' ]</msg>
<msg time="2026-03-11T00:38:09.923177" level="DEBUG">POST http://127.0.0.1:4723/session/7899e286-6b2f-4bde-8d9b-97ff1cb8a301/elements {'using': 'xpath', 'value': '//bi[@resource-id="com.avjindersinghsekhon.minimaltodo:id/toDoCustomTextInput"]/android.widget.EditT...'}</msg>
<msg time="2026-03-11T00:38:09.923353" level="DEBUG">Starting new HTTP connection (1): 127.0.0.1:4723</msg>
<msg time="2026-03-11T00:38:09.942086" level="DEBUG">http://127.0.0.1:4723 "POST /session/7899e286-6b2f-4bde-8d9b-97ff1cb8a301/elements HTTP/1.1" 200 0</msg>
<msg time="2026-03-11T00:38:09.942215" level="DEBUG">Remote response: status=200 | data={"value":[{"element-6066-11e4-a52e-4f735466cecf":"00000000-0000-0313-ffff-ffff00000020","ELEMENT":"00000000-0000-0313-ffff-ffff00000020"}]} | headers=HTTPHeaderDict({'X-Powered-By': 'Express', 'Access-Control-Allow-Origin': '*', 'Access-Control-Allow-Methods': 'GET, POST, PUT, OPTIONS, DELETE', 'Access-Control-Allow-Headers': 'Cache-Control, Pragma, Origin, X-Requested-With, Content-Type, Accept, User-Agent', 'Vary': 'X-HTTP-Method-Override', 'Content-Type': 'application/json; charset=utf-8', 'Content-Length': '139', 'ETag': 'W/"8b-u7Lxb9KxXTnu9+0W5fMIXgcVmn0"', 'Date': 'Tue, 10 Mar 2026 17:38:09 GMT', 'Connection': 'keep-alive', 'Keep-Alive': 'timeout=600'})</msg>
<msg time="2026-03-11T00:38:09.942262" level="DEBUG">Finished Request</msg>
<msg time="2026-03-11T00:38:09.942357" level="DEBUG">GET http://127.0.0.1:4723/session/7899e286-6b2f-4bde-8d9b-97ff1cb8a301/element/00000000-0000-0313-ffff-ffff00000020/displayed {}</msg>
<msg time="2026-03-11T00:38:09.942668" level="DEBUG">Starting new HTTP connection (1): 127.0.0.1:4723</msg>
<msg time="2026-03-11T00:38:09.949728" level="DEBUG">http://127.0.0.1:4723 "GET /session/7899e286-6b2f-4bde-8d9b-97ff1cb8a301/element/00000000-0000-0313-ffff-ffff00000020/displayed HTTP/1.1" 200 0</msg>
<msg time="2026-03-11T00:38:09.949803" level="DEBUG">Remote response: status=200 | data={"value":true} | headers=HTTPHeaderDict({'X-Powered-By': 'Express', 'Access-Control-Allow-Origin': '*', 'Access-Control-Allow-Methods': 'GET, POST, PUT, OPTIONS, DELETE', 'Access-Control-Allow-Headers': 'Cache-Control, Pragma, Origin, X-Requested-With, Content-Type, Accept, User-Agent', 'Content-Type': 'application/json; charset=utf-8', 'Content-Length': '14', 'ETag': 'W/"e-2ZHvAWebNQpyjGZTg6uyV8/spTo"', 'Date': 'Tue, 10 Mar 2026 17:38:09 GMT', 'Connection': 'keep-alive', 'Keep-Alive': 'timeout=600'})</msg>
<msg time="2026-03-11T00:38:09.949839" level="DEBUG">Finished Request</msg>
<msg time="2026-03-11T00:38:09.949900" level="INFO">xpath criteria: //bi[@resource-id="com.avjindersinghsekhon.minimaltodo:id/toDoCustomTextInput"]/android.widget.EditText</msg>
<msg time="2026-03-11T00:38:09.949921" level="TRACE">Return: None</msg>
<arg>${locator}</arg>
<arg>${timeout}</arg>
<doc>Waits until the element specified by the ``locator`` is visible.</doc>
<status status="PASS" start="2026-03-11T00:38:09.922925" elapsed="0.027030"/>
</kw>
<msg time="2026-03-11T00:38:09.950053" level="TRACE">Return: True</msg>
<msg time="2026-03-11T00:38:09.950144" level="INFO">${status} = True</msg>
<var>${status}</var>
<arg>AppiumLibrary.Wait until element is visible</arg>
<arg>${locator}</arg>
<arg>${timeout}</arg>
<doc>Runs the specified keyword and returns the status as a Boolean value.</doc>
<status status="PASS" start="2026-03-11T00:38:09.922536" elapsed="0.027635"/>
</kw>
<if>
<branch type="IF" condition="${status}">
<return>
<status status="PASS" start="2026-03-11T00:38:09.950393" elapsed="0.000052"/>
</return>
<status status="PASS" start="2026-03-11T00:38:09.950287" elapsed="0.000210"/>
</branch>
<status status="PASS" start="2026-03-11T00:38:09.950260" elapsed="0.000284"/>
</if>
<var name="${i}">0</var>
<status status="PASS" start="2026-03-11T00:38:09.922435" elapsed="0.028139"/>
</iter>
<var>${i}</var>
<value>${max_attempt}</value>
<status status="PASS" start="2026-03-11T00:38:09.922333" elapsed="0.028301"/>
</for>
<kw name="Fail" owner="BuiltIn">
<arg>Element '${locator}' not visible after ${max_attempt} attempts</arg>
<doc>Fails the test with the given message and optionally alters its tags.</doc>
<status status="NOT RUN" start="2026-03-11T00:38:09.950823" elapsed="0.000019"/>
</kw>
<msg time="2026-03-11T00:38:09.950877" level="TRACE">Return: None</msg>
<arg>locator=${locator}</arg>
<arg>timeout=${timeout}</arg>
<doc>Wait until element is visible with retry
${max_attempt} e.g. by default is 3 rounds
40s e.g. by default is 40s</doc>
<status status="PASS" start="2026-03-11T00:38:09.921758" elapsed="0.029138"/>
</kw>
<kw name="Click Element" owner="AppiumLibrary">
<msg time="2026-03-11T00:38:09.951030" level="TRACE">Arguments: [ 'xpath=//bi[@resource-id="com.avjindersinghsekhon.minimaltodo:id/toDoCustomTextInput"]/android.widget.EditText' ]</msg>
<msg time="2026-03-11T00:38:09.951966" level="INFO">Clicking element 'xpath=//bi[@resource-id="com.avjindersinghsekhon.minimaltodo:id/toDoCustomTextInput"]/android.widget.EditText'.</msg>
<msg time="2026-03-11T00:38:09.952028" level="DEBUG">POST http://127.0.0.1:4723/session/7899e286-6b2f-4bde-8d9b-97ff1cb8a301/elements {'using': 'xpath', 'value': '//bi[@resource-id="com.avjindersinghsekhon.minimaltodo:id/toDoCustomTextInput"]/android.widget.EditT...'}</msg>
<msg time="2026-03-11T00:38:09.952190" level="DEBUG">Starting new HTTP connection (1): 127.0.0.1:4723</msg>
<msg time="2026-03-11T00:38:09.968818" level="DEBUG">http://127.0.0.1:4723 "POST /session/7899e286-6b2f-4bde-8d9b-97ff1cb8a301/elements HTTP/1.1" 200 0</msg>
<msg time="2026-03-11T00:38:09.968899" level="DEBUG">Remote response: status=200 | data={"value":[{"element-6066-11e4-a52e-4f735466cecf":"00000000-0000-0313-ffff-ffff00000020","ELEMENT":"00000000-0000-0313-ffff-ffff00000020"}]} | headers=HTTPHeaderDict({'X-Powered-By': 'Express', 'Access-Control-Allow-Origin': '*', 'Access-Control-Allow-Methods': 'GET, POST, PUT, OPTIONS, DELETE', 'Access-Control-Allow-Headers': 'Cache-Control, Pragma, Origin, X-Requested-With, Content-Type, Accept, User-Agent', 'Vary': 'X-HTTP-Method-Override', 'Content-Type': 'application/json; charset=utf-8', 'Content-Length': '139', 'ETag': 'W/"8b-u7Lxb9KxXTnu9+0W5fMIXgcVmn0"', 'Date': 'Tue, 10 Mar 2026 17:38:09 GMT', 'Connection': 'keep-alive', 'Keep-Alive': 'timeout=600'})</msg>
<msg time="2026-03-11T00:38:09.968937" level="DEBUG">Finished Request</msg>
<msg time="2026-03-11T00:38:09.969022" level="DEBUG">POST http://127.0.0.1:4723/session/7899e286-6b2f-4bde-8d9b-97ff1cb8a301/element/00000000-0000-0313-ffff-ffff00000020/click {}</msg>
<msg time="2026-03-11T00:38:09.969202" level="DEBUG">Starting new HTTP connection (1): 127.0.0.1:4723</msg>
<msg time="2026-03-11T00:38:10.507280" level="DEBUG">http://127.0.0.1:4723 "POST /session/7899e286-6b2f-4bde-8d9b-97ff1cb8a301/element/00000000-0000-0313-ffff-ffff00000020/click HTTP/1.1" 200 0</msg>
<msg time="2026-03-11T00:38:10.507658" level="DEBUG">Remote response: status=200 | data={"value":null} | headers=HTTPHeaderDict({'X-Powered-By': 'Express', 'Access-Control-Allow-Origin': '*', 'Access-Control-Allow-Methods': 'GET, POST, PUT, OPTIONS, DELETE', 'Access-Control-Allow-Headers': 'Cache-Control, Pragma, Origin, X-Requested-With, Content-Type, Accept, User-Agent', 'Vary': 'X-HTTP-Method-Override', 'Content-Type': 'application/json; charset=utf-8', 'Content-Length': '14', 'ETag': 'W/"e-9/1BuKMgFObM1mWJm+YjxtXJnUM"', 'Date': 'Tue, 10 Mar 2026 17:38:10 GMT', 'Connection': 'keep-alive', 'Keep-Alive': 'timeout=600'})</msg>
<msg time="2026-03-11T00:38:10.507859" level="DEBUG">Finished Request</msg>
<msg time="2026-03-11T00:38:10.508126" level="INFO">xpath criteria: //bi[@resource-id="com.avjindersinghsekhon.minimaltodo:id/toDoCustomTextInput"]/android.widget.EditText</msg>
<msg time="2026-03-11T00:38:10.508187" level="TRACE">Return: None</msg>
<arg>${locator}</arg>
<doc>Clicks the element identified by ``locator``.</doc>
<status status="PASS" start="2026-03-11T00:38:09.950970" elapsed="0.557303"/>
</kw>
<kw name="Input Text" owner="AppiumLibrary">
<msg time="2026-03-11T00:38:10.509261" level="TRACE">Arguments: [ 'xpath=//bi[@resource-id="com.avjindersinghsekhon.minimaltodo:id/toDoCustomTextInput"]/android.widget.EditText' | 'test' ]</msg>
<msg time="2026-03-11T00:38:10.512258" level="INFO">Typing text 'test' into text field 'xpath=//bi[@resource-id="com.avjindersinghsekhon.minimaltodo:id/toDoCustomTextInput"]/android.widget.EditText'</msg>
<msg time="2026-03-11T00:38:10.512507" level="DEBUG">POST http://127.0.0.1:4723/session/7899e286-6b2f-4bde-8d9b-97ff1cb8a301/elements {'using': 'xpath', 'value': '//bi[@resource-id="com.avjindersinghsekhon.minimaltodo:id/toDoCustomTextInput"]/android.widget.EditT...'}</msg>
<msg time="2026-03-11T00:38:10.513002" level="DEBUG">Starting new HTTP connection (1): 127.0.0.1:4723</msg>
<msg time="2026-03-11T00:38:10.549142" level="DEBUG">http://127.0.0.1:4723 "POST /session/7899e286-6b2f-4bde-8d9b-97ff1cb8a301/elements HTTP/1.1" 200 0</msg>
<msg time="2026-03-11T00:38:10.549251" level="DEBUG">Remote response: status=200 | data={"value":[{"element-6066-11e4-a52e-4f735466cecf":"00000000-0000-0313-ffff-ffff00000020","ELEMENT":"00000000-0000-0313-ffff-ffff00000020"}]} | headers=HTTPHeaderDict({'X-Powered-By': 'Express', 'Access-Control-Allow-Origin': '*', 'Access-Control-Allow-Methods': 'GET, POST, PUT, OPTIONS, DELETE', 'Access-Control-Allow-Headers': 'Cache-Control, Pragma, Origin, X-Requested-With, Content-Type, Accept, User-Agent', 'Vary': 'X-HTTP-Method-Override', 'Content-Type': 'application/json; charset=utf-8', 'Content-Length': '139', 'ETag': 'W/"8b-u7Lxb9KxXTnu9+0W5fMIXgcVmn0"', 'Date': 'Tue, 10 Mar 2026 17:38:10 GMT', 'Connection': 'keep-alive', 'Keep-Alive': 'timeout=600'})</msg>
<msg time="2026-03-11T00:38:10.549305" level="DEBUG">Finished Request</msg>
<msg time="2026-03-11T00:38:10.549437" level="DEBUG">POST http://127.0.0.1:4723/session/7899e286-6b2f-4bde-8d9b-97ff1cb8a301/element/00000000-0000-0313-ffff-ffff00000020/value {'text': 'test', 'value': ['t', 'e', 's', 't']}</msg>
<msg time="2026-03-11T00:38:10.549673" level="DEBUG">Starting new HTTP connection (1): 127.0.0.1:4723</msg>
<msg time="2026-03-11T00:38:10.567617" level="DEBUG">http://127.0.0.1:4723 "POST /session/7899e286-6b2f-4bde-8d9b-97ff1cb8a301/element/00000000-0000-0313-ffff-ffff00000020/value HTTP/1.1" 200 0</msg>
<msg time="2026-03-11T00:38:10.567762" level="DEBUG">Remote response: status=200 | data={"value":null} | headers=HTTPHeaderDict({'X-Powered-By': 'Express', 'Access-Control-Allow-Origin': '*', 'Access-Control-Allow-Methods': 'GET, POST, PUT, OPTIONS, DELETE', 'Access-Control-Allow-Headers': 'Cache-Control, Pragma, Origin, X-Requested-With, Content-Type, Accept, User-Agent', 'Vary': 'X-HTTP-Method-Override', 'Content-Type': 'application/json; charset=utf-8', 'Content-Length': '14', 'ETag': 'W/"e-9/1BuKMgFObM1mWJm+YjxtXJnUM"', 'Date': 'Tue, 10 Mar 2026 17:38:10 GMT', 'Connection': 'keep-alive', 'Keep-Alive': 'timeout=600'})</msg>
<msg time="2026-03-11T00:38:10.567813" level="DEBUG">Finished Request</msg>
<msg time="2026-03-11T00:38:10.567897" level="INFO">xpath criteria: //bi[@resource-id="com.avjindersinghsekhon.minimaltodo:id/toDoCustomTextInput"]/android.widget.EditText</msg>
<msg time="2026-03-11T00:38:10.567927" level="TRACE">Return: None</msg>
<arg>${locator}</arg>
<arg>${text}</arg>
<doc>Types the given ``text`` into the text field identified by ``locator``.</doc>
<status status="PASS" start="2026-03-11T00:38:10.508703" elapsed="0.059260"/>
</kw>
<msg time="2026-03-11T00:38:10.568095" level="TRACE">Return: None</msg>
<arg>locator=${add_todo_locator.txt_input_title}</arg>
<arg>text=${title}</arg>
<doc>Tap element and input text to element when ready</doc>
<status status="PASS" start="2026-03-11T00:38:09.920226" elapsed="0.647905"/>
</kw>
<msg time="2026-03-11T00:38:10.568192" level="TRACE">Return: None</msg>
<arg>title=${assignment4.title}</arg>
<doc>Input title in title field</doc>
<status status="PASS" start="2026-03-11T00:38:09.919581" elapsed="0.648633"/>
</kw>
<kw name="Verify title is displayed as expected" owner="add_todo_page">
<msg time="2026-03-11T00:38:10.569068" level="TRACE">Arguments: [ ${title}='test' ]</msg>
<kw name="Replace String" owner="String">
<msg time="2026-03-11T00:38:10.569328" level="TRACE">Arguments: [ string='xpath=//bi[@resource-id="com.avjindersinghsekhon.minimaltodo:id/toDoCustomTextInput"]/android.widget.EditText' | search_for='***string***' | replace_with='test' ]</msg>
[...]
<msg time="2026-03-11T00:38:23.843516" level="DEBUG">Finished Request</msg>
<msg time="2026-03-11T00:38:23.843648" level="INFO">xpath criteria: //android.widget.TextView[@text="You can contact me at"]</msg>
<msg time="2026-03-11T00:38:23.843699" level="TRACE">Return: None</msg>
<arg>${locator}</arg>
<arg>${timeout}</arg>
<doc>Waits until the element specified by the ``locator`` is visible.</doc>
<status status="PASS" start="2026-03-11T00:38:23.822997" elapsed="0.020760"/>
</kw>
<msg time="2026-03-11T00:38:23.843873" level="TRACE">Return: True</msg>
<msg time="2026-03-11T00:38:23.843986" level="INFO">${status} = True</msg>
<var>${status}</var>
<arg>AppiumLibrary.Wait until element is visible</arg>
<arg>${locator}</arg>
<arg>${timeout}</arg>
<doc>Runs the specified keyword and returns the status as a Boolean value.</doc>
<status status="PASS" start="2026-03-11T00:38:23.822786" elapsed="0.021234"/>
</kw>
<if>
<branch type="IF" condition="${status}">
<return>
<status status="PASS" start="2026-03-11T00:38:23.844314" elapsed="0.000066"/>
</return>
<status status="PASS" start="2026-03-11T00:38:23.844172" elapsed="0.000279"/>
</branch>
<status status="PASS" start="2026-03-11T00:38:23.844137" elapsed="0.000380"/>
</if>
<var name="${i}">0</var>
<status status="PASS" start="2026-03-11T00:38:23.822686" elapsed="0.021872"/>
</iter>
<var>${i}</var>
<value>${max_attempt}</value>
<status status="PASS" start="2026-03-11T00:38:23.822572" elapsed="0.022067"/>
</for>
<kw name="Fail" owner="BuiltIn">
<arg>Element '${locator}' not visible after ${max_attempt} attempts</arg>
<doc>Fails the test with the given message and optionally alters its tags.</doc>
<status status="NOT RUN" start="2026-03-11T00:38:23.844923" elapsed="0.000045"/>
</kw>
<msg time="2026-03-11T00:38:23.845043" level="TRACE">Return: None</msg>
<arg>locator=${home_locator.lbl_about_contact_me}</arg>
<doc>Wait until element is visible with retry
${max_attempt} e.g. by default is 3 rounds
${timeout} e.g. by default is 40s</doc>
<status status="PASS" start="2026-03-11T00:38:23.821790" elapsed="0.023294"/>
</kw>
<msg time="2026-03-11T00:38:23.845150" level="TRACE">Return: None</msg>
<doc>Verify contact me is displayed</doc>
<status status="PASS" start="2026-03-11T00:38:23.819876" elapsed="0.025310"/>
</kw>
<kw name="Verify email is displayed" owner="home_page">
<msg time="2026-03-11T00:38:23.845487" level="TRACE">Arguments: [  ]</msg>
<kw name="Wait until element is visible with retry" owner="common_mobile">
<msg time="2026-03-11T00:38:23.847282" level="TRACE">Arguments: [ ${locator}='xpath=//android.widget.TextView[@resource-id="com.avjindersinghsekhon.minimaltodo:id/aboutContactMe"]' | ${max_attempt}=3 | ${timeout}='40s' ]</msg>
<for flavor="IN RANGE">
<iter>
<kw name="Run Keyword And Return Status" owner="BuiltIn">
<msg time="2026-03-11T00:38:23.847667" level="TRACE">Arguments: [ 'AppiumLibrary.Wait until element is visible' | '${locator}' | '${timeout}' ]</msg>
<kw name="Wait Until Element Is Visible" owner="AppiumLibrary">
<msg time="2026-03-11T00:38:23.847821" level="TRACE">Arguments: [ 'xpath=//android.widget.TextView[@resource-id="com.avjindersinghsekhon.minimaltodo:id/aboutContactMe"]' | '40s' ]</msg>
<msg time="2026-03-11T00:38:23.847934" level="DEBUG">POST http://127.0.0.1:4723/session/7899e286-6b2f-4bde-8d9b-97ff1cb8a301/elements {'using': 'xpath', 'value': '//android.widget.TextView[@resource-id="com.avjindersinghsekhon.minimaltodo:id/aboutContactMe"]'}</msg>
<msg time="2026-03-11T00:38:23.848109" level="DEBUG">Starting new HTTP connection (1): 127.0.0.1:4723</msg>
<msg time="2026-03-11T00:38:23.858693" level="DEBUG">http://127.0.0.1:4723 "POST /session/7899e286-6b2f-4bde-8d9b-97ff1cb8a301/elements HTTP/1.1" 200 0</msg>
<msg time="2026-03-11T00:38:23.858902" level="DEBUG">Remote response: status=200 | data={"value":[{"element-6066-11e4-a52e-4f735466cecf":"00000000-0000-031b-ffff-ffff000000bb","ELEMENT":"00000000-0000-031b-ffff-ffff000000bb"}]} | headers=HTTPHeaderDict({'X-Powered-By': 'Express', 'Access-Control-Allow-Origin': '*', 'Access-Control-Allow-Methods': 'GET, POST, PUT, OPTIONS, DELETE', 'Access-Control-Allow-Headers': 'Cache-Control, Pragma, Origin, X-Requested-With, Content-Type, Accept, User-Agent', 'Vary': 'X-HTTP-Method-Override', 'Content-Type': 'application/json; charset=utf-8', 'Content-Length': '139', 'ETag': 'W/"8b-DKCbW5gbQaeugM/eTh5uTwbGr+k"', 'Date': 'Tue, 10 Mar 2026 17:38:23 GMT', 'Connection': 'keep-alive', 'Keep-Alive': 'timeout=600'})</msg>
<msg time="2026-03-11T00:38:23.858984" level="DEBUG">Finished Request</msg>
<msg time="2026-03-11T00:38:23.859148" level="DEBUG">GET http://127.0.0.1:4723/session/7899e286-6b2f-4bde-8d9b-97ff1cb8a301/element/00000000-0000-031b-ffff-ffff000000bb/displayed {}</msg>
<msg time="2026-03-11T00:38:23.859489" level="DEBUG">Starting new HTTP connection (1): 127.0.0.1:4723</msg>
<msg time="2026-03-11T00:38:23.865293" level="DEBUG">http://127.0.0.1:4723 "GET /session/7899e286-6b2f-4bde-8d9b-97ff1cb8a301/element/00000000-0000-031b-ffff-ffff000000bb/displayed HTTP/1.1" 200 0</msg>
<msg time="2026-03-11T00:38:23.865484" level="DEBUG">Remote response: status=200 | data={"value":true} | headers=HTTPHeaderDict({'X-Powered-By': 'Express', 'Access-Control-Allow-Origin': '*', 'Access-Control-Allow-Methods': 'GET, POST, PUT, OPTIONS, DELETE', 'Access-Control-Allow-Headers': 'Cache-Control, Pragma, Origin, X-Requested-With, Content-Type, Accept, User-Agent', 'Content-Type': 'application/json; charset=utf-8', 'Content-Length': '14', 'ETag': 'W/"e-2ZHvAWebNQpyjGZTg6uyV8/spTo"', 'Date': 'Tue, 10 Mar 2026 17:38:23 GMT', 'Connection': 'keep-alive', 'Keep-Alive': 'timeout=600'})</msg>
<msg time="2026-03-11T00:38:23.865581" level="DEBUG">Finished Request</msg>
<msg time="2026-03-11T00:38:23.865764" level="INFO">xpath criteria: //android.widget.TextView[@resource-id="com.avjindersinghsekhon.minimaltodo:id/aboutContactMe"]</msg>
<msg time="2026-03-11T00:38:23.865843" level="TRACE">Return: None</msg>
<arg>${locator}</arg>
<arg>${timeout}</arg>
<doc>Waits until the element specified by the ``locator`` is visible.</doc>
<status status="PASS" start="2026-03-11T00:38:23.847750" elapsed="0.018161"/>
</kw>
<msg time="2026-03-11T00:38:23.866040" level="TRACE">Return: True</msg>
<msg time="2026-03-11T00:38:23.866164" level="INFO">${status} = True</msg>
<var>${status}</var>
<arg>AppiumLibrary.Wait until element is visible</arg>
<arg>${locator}</arg>
<arg>${timeout}</arg>
<doc>Runs the specified keyword and returns the status as a Boolean value.</doc>
<status status="PASS" start="2026-03-11T00:38:23.847540" elapsed="0.018663"/>
</kw>
<if>
<branch type="IF" condition="${status}">
<return>
<status status="PASS" start="2026-03-11T00:38:23.866519" elapsed="0.000176"/>
</return>
<status status="PASS" start="2026-03-11T00:38:23.866370" elapsed="0.000481"/>
</branch>
<status status="PASS" start="2026-03-11T00:38:23.866330" elapsed="0.000595"/>
</if>
<var name="${i}">0</var>
<status status="PASS" start="2026-03-11T00:38:23.847461" elapsed="0.019506"/>
</iter>
<var>${i}</var>
<value>${max_attempt}</value>
<status status="PASS" start="2026-03-11T00:38:23.847353" elapsed="0.019721"/>
</for>
<kw name="Fail" owner="BuiltIn">
<arg>Element '${locator}' not visible after ${max_attempt} attempts</arg>
<doc>Fails the test with the given message and optionally alters its tags.</doc>
<status status="NOT RUN" start="2026-03-11T00:38:23.867353" elapsed="0.000049"/>
</kw>
<msg time="2026-03-11T00:38:23.867509" level="TRACE">Return: None</msg>
<arg>locator=${home_locator.lbl_about_email}</arg>
<doc>Wait until element is visible with retry
${max_attempt} e.g. by default is 3 rounds
${timeout} e.g. by default is 40s</doc>
<status status="PASS" start="2026-03-11T00:38:23.846585" elapsed="0.021014"/>
</kw>
<msg time="2026-03-11T00:38:23.867741" level="TRACE">Return: None</msg>
<doc>Verify email is displayed</doc>
<status status="PASS" start="2026-03-11T00:38:23.845381" elapsed="0.022411"/>
</kw>
<msg time="2026-03-11T00:38:23.867864" level="TRACE">Return: None</msg>
<doc>Verify all components in about page</doc>
<status status="PASS" start="2026-03-11T00:38:23.711362" elapsed="0.156548"/>
</kw>
<kw name="Tap back button" owner="home_page">
<msg time="2026-03-11T00:38:23.868529" level="TRACE">Arguments: [  ]</msg>
<kw name="Tap element when ready" owner="common_mobile">
<msg time="2026-03-11T00:38:23.869623" level="TRACE">Arguments: [ ${locator}='xpath=//android.widget.ImageButton' | ${timeout}='40s' ]</msg>
<kw name="Wait until element is visible with retry" owner="common_mobile">
<msg time="2026-03-11T00:38:23.871134" level="TRACE">Arguments: [ ${locator}='xpath=//android.widget.ImageButton' | ${max_attempt}=3 | ${timeout}='40s' ]</msg>
<for flavor="IN RANGE">
<iter>
<kw name="Run Keyword And Return Status" owner="BuiltIn">
<msg time="2026-03-11T00:38:23.871541" level="TRACE">Arguments: [ 'AppiumLibrary.Wait until element is visible' | '${locator}' | '${timeout}' ]</msg>
<kw name="Wait Until Element Is Visible" owner="AppiumLibrary">
<msg time="2026-03-11T00:38:23.871696" level="TRACE">Arguments: [ 'xpath=//android.widget.ImageButton' | '40s' ]</msg>
<msg time="2026-03-11T00:38:23.871818" level="DEBUG">POST http://127.0.0.1:4723/session/7899e286-6b2f-4bde-8d9b-97ff1cb8a301/elements {'using': 'xpath', 'value': '//android.widget.ImageButton'}</msg>
<msg time="2026-03-11T00:38:23.871993" level="DEBUG">Starting new HTTP connection (1): 127.0.0.1:4723</msg>
<msg time="2026-03-11T00:38:23.892826" level="DEBUG">http://127.0.0.1:4723 "POST /session/7899e286-6b2f-4bde-8d9b-97ff1cb8a301/elements HTTP/1.1" 200 0</msg>
<msg time="2026-03-11T00:38:23.893044" level="DEBUG">Remote response: status=200 | data={"value":[{"element-6066-11e4-a52e-4f735466cecf":"00000000-0000-031b-ffff-ffff000000b5","ELEMENT":"00000000-0000-031b-ffff-ffff000000b5"}]} | headers=HTTPHeaderDict({'X-Powered-By': 'Express', 'Access-Control-Allow-Origin': '*', 'Access-Control-Allow-Methods': 'GET, POST, PUT, OPTIONS, DELETE', 'Access-Control-Allow-Headers': 'Cache-Control, Pragma, Origin, X-Requested-With, Content-Type, Accept, User-Agent', 'Vary': 'X-HTTP-Method-Override', 'Content-Type': 'application/json; charset=utf-8', 'Content-Length': '139', 'ETag': 'W/"8b-Wdfiad9c0N1Oiq9iD2ovbYHbl+s"', 'Date': 'Tue, 10 Mar 2026 17:38:23 GMT', 'Connection': 'keep-alive', 'Keep-Alive': 'timeout=600'})</msg>
<msg time="2026-03-11T00:38:23.893102" level="DEBUG">Finished Request</msg>
<msg time="2026-03-11T00:38:23.893219" level="DEBUG">GET http://127.0.0.1:4723/session/7899e286-6b2f-4bde-8d9b-97ff1cb8a301/element/00000000-0000-031b-ffff-ffff000000b5/displayed {}</msg>
<msg time="2026-03-11T00:38:23.893455" level="DEBUG">Starting new HTTP connection (1): 127.0.0.1:4723</msg>
<msg time="2026-03-11T00:38:23.901928" level="DEBUG">http://127.0.0.1:4723 "GET /session/7899e286-6b2f-4bde-8d9b-97ff1cb8a301/element/00000000-0000-031b-ffff-ffff000000b5/displayed HTTP/1.1" 200 0</msg>
<msg time="2026-03-11T00:38:23.902098" level="DEBUG">Remote response: status=200 | data={"value":true} | headers=HTTPHeaderDict({'X-Powered-By': 'Express', 'Access-Control-Allow-Origin': '*', 'Access-Control-Allow-Methods': 'GET, POST, PUT, OPTIONS, DELETE', 'Access-Control-Allow-Headers': 'Cache-Control, Pragma, Origin, X-Requested-With, Content-Type, Accept, User-Agent', 'Content-Type': 'application/json; charset=utf-8', 'Content-Length': '14', 'ETag': 'W/"e-2ZHvAWebNQpyjGZTg6uyV8/spTo"', 'Date': 'Tue, 10 Mar 2026 17:38:23 GMT', 'Connection': 'keep-alive', 'Keep-Alive': 'timeout=600'})</msg>
<msg time="2026-03-11T00:38:23.902192" level="DEBUG">Finished Request</msg>
<msg time="2026-03-11T00:38:23.902331" level="INFO">xpath criteria: //android.widget.ImageButton</msg>
<msg time="2026-03-11T00:38:23.902377" level="TRACE">Return: None</msg>
<arg>${locator}</arg>
<arg>${timeout}</arg>
<doc>Waits until the element specified by the ``locator`` is visible.</doc>
<status status="PASS" start="2026-03-11T00:38:23.871621" elapsed="0.030812"/>
</kw>
<msg time="2026-03-11T00:38:23.902547" level="TRACE">Return: True</msg>
<msg time="2026-03-11T00:38:23.902654" level="INFO">${status} = True</msg>
<var>${status}</var>
<arg>AppiumLibrary.Wait until element is visible</arg>
<arg>${locator}</arg>
<arg>${timeout}</arg>
<doc>Runs the specified keyword and returns the status as a Boolean value.</doc>
<status status="PASS" start="2026-03-11T00:38:23.871416" elapsed="0.031270"/>
</kw>
<if>
<branch type="IF" condition="${status}">
<return>
<status status="PASS" start="2026-03-11T00:38:23.902969" elapsed="0.000057"/>
</return>
<status status="PASS" start="2026-03-11T00:38:23.902833" elapsed="0.000255"/>
</branch>
<status status="PASS" start="2026-03-11T00:38:23.902795" elapsed="0.000350"/>
</if>
<var name="${i}">0</var>
<status status="PASS" start="2026-03-11T00:38:23.871329" elapsed="0.031858"/>
</iter>
<var>${i}</var>
<value>${max_attempt}</value>
<status status="PASS" start="2026-03-11T00:38:23.871214" elapsed="0.032047"/>
</for>
<kw name="Fail" owner="BuiltIn">
<arg>Element '${locator}' not visible after ${max_attempt} attempts</arg>
<doc>Fails the test with the given message and optionally alters its tags.</doc>
<status status="NOT RUN" start="2026-03-11T00:38:23.903550" elapsed="0.000049"/>
</kw>
<msg time="2026-03-11T00:38:23.903679" level="TRACE">Return: None</msg>
<arg>locator=${locator}</arg>
<arg>timeout=${timeout}</arg>
<doc>Wait until element is visible with retry
${max_attempt} e.g. by default is 3 rounds
40s e.g. by default is 40s</doc>
<status status="PASS" start="2026-03-11T00:38:23.870618" elapsed="0.033126"/>
</kw>
<kw name="Click Element" owner="AppiumLibrary">
<msg time="2026-03-11T00:38:23.904040" level="TRACE">Arguments: [ 'xpath=//android.widget.ImageButton' ]</msg>
<msg time="2026-03-11T00:38:23.906129" level="INFO">Clicking element 'xpath=//android.widget.ImageButton'.</msg>
<msg time="2026-03-11T00:38:23.906220" level="DEBUG">POST http://127.0.0.1:4723/session/7899e286-6b2f-4bde-8d9b-97ff1cb8a301/elements {'using': 'xpath', 'value': '//android.widget.ImageButton'}</msg>
<msg time="2026-03-11T00:38:23.906650" level="DEBUG">Starting new HTTP connection (1): 127.0.0.1:4723</msg>
<msg time="2026-03-11T00:38:23.920419" level="DEBUG">http://127.0.0.1:4723 "POST /session/7899e286-6b2f-4bde-8d9b-97ff1cb8a301/elements HTTP/1.1" 200 0</msg>
<msg time="2026-03-11T00:38:23.920603" level="DEBUG">Remote response: status=200 | data={"value":[{"element-6066-11e4-a52e-4f735466cecf":"00000000-0000-031b-ffff-ffff000000b5","ELEMENT":"00000000-0000-031b-ffff-ffff000000b5"}]} | headers=HTTPHeaderDict({'X-Powered-By': 'Express', 'Access-Control-Allow-Origin': '*', 'Access-Control-Allow-Methods': 'GET, POST, PUT, OPTIONS, DELETE', 'Access-Control-Allow-Headers': 'Cache-Control, Pragma, Origin, X-Requested-With, Content-Type, Accept, User-Agent', 'Vary': 'X-HTTP-Method-Override', 'Content-Type': 'application/json; charset=utf-8', 'Content-Length': '139', 'ETag': 'W/"8b-Wdfiad9c0N1Oiq9iD2ovbYHbl+s"', 'Date': 'Tue, 10 Mar 2026 17:38:23 GMT', 'Connection': 'keep-alive', 'Keep-Alive': 'timeout=600'})</msg>
<msg time="2026-03-11T00:38:23.920688" level="DEBUG">Finished Request</msg>
<msg time="2026-03-11T00:38:23.920877" level="DEBUG">POST http://127.0.0.1:4723/session/7899e286-6b2f-4bde-8d9b-97ff1cb8a301/element/00000000-0000-031b-ffff-ffff000000b5/click {}</msg>
<msg time="2026-03-11T00:38:23.921291" level="DEBUG">Starting new HTTP connection (1): 127.0.0.1:4723</msg>
<msg time="2026-03-11T00:38:23.960248" level="DEBUG">http://127.0.0.1:4723 "POST /session/7899e286-6b2f-4bde-8d9b-97ff1cb8a301/element/00000000-0000-031b-ffff-ffff000000b5/click HTTP/1.1" 200 0</msg>
<msg time="2026-03-11T00:38:23.960597" level="DEBUG">Remote response: status=200 | data={"value":null} | headers=HTTPHeaderDict({'X-Powered-By': 'Express', 'Access-Control-Allow-Origin': '*', 'Access-Control-Allow-Methods': 'GET, POST, PUT, OPTIONS, DELETE', 'Access-Control-Allow-Headers': 'Cache-Control, Pragma, Origin, X-Requested-With, Content-Type, Accept, User-Agent', 'Vary': 'X-HTTP-Method-Override', 'Content-Type': 'application/json; charset=utf-8', 'Content-Length': '14', 'ETag': 'W/"e-9/1BuKMgFObM1mWJm+YjxtXJnUM"', 'Date': 'Tue, 10 Mar 2026 17:38:23 GMT', 'Connection': 'keep-alive', 'Keep-Alive': 'timeout=600'})</msg>
<msg time="2026-03-11T00:38:23.960832" level="DEBUG">Finished Request</msg>
<msg time="2026-03-11T00:38:23.961154" level="INFO">xpath criteria: //android.widget.ImageButton</msg>
<msg time="2026-03-11T00:38:23.961344" level="TRACE">Return: None</msg>
<arg>${locator}</arg>
<doc>Clicks the element identified by ``locator``.</doc>
<status status="PASS" start="2026-03-11T00:38:23.903910" elapsed="0.057560"/>
</kw>
<msg time="2026-03-11T00:38:23.961792" level="TRACE">Return: None</msg>
<arg>locator=${home_locator.btn_back}</arg>
<doc>Tap element when element is ready</doc>
<status status="PASS" start="2026-03-11T00:38:23.868733" elapsed="0.093192"/>
</kw>
<msg time="2026-03-11T00:38:23.962108" level="TRACE">Return: None</msg>
<doc>Tap back button</doc>
<status status="PASS" start="2026-03-11T00:38:23.868284" elapsed="0.093929"/>
</kw>
<kw name="Close All Applications" owner="AppiumLibrary" type="TEARDOWN">
<msg time="2026-03-11T00:38:23.962944" level="TRACE">Arguments: [  ]</msg>
<msg time="2026-03-11T00:38:23.965462" level="DEBUG">Closing all applications</msg>
<msg time="2026-03-11T00:38:23.965709" level="DEBUG">DELETE http://127.0.0.1:4723/session/7899e286-6b2f-4bde-8d9b-97ff1cb8a301 {}</msg>
<msg time="2026-03-11T00:38:23.966237" level="DEBUG">Starting new HTTP connection (1): 127.0.0.1:4723</msg>
<msg time="2026-03-11T00:38:24.225816" level="DEBUG">http://127.0.0.1:4723 "DELETE /session/7899e286-6b2f-4bde-8d9b-97ff1cb8a301 HTTP/1.1" 200 0</msg>
<msg time="2026-03-11T00:38:24.226004" level="DEBUG">Remote response: status=200 | data={"value":null} | headers=HTTPHeaderDict({'X-Powered-By': 'Express', 'Access-Control-Allow-Origin': '*', 'Access-Control-Allow-Methods': 'GET, POST, PUT, OPTIONS, DELETE', 'Access-Control-Allow-Headers': 'Cache-Control, Pragma, Origin, X-Requested-With, Content-Type, Accept, User-Agent', 'Content-Type': 'application/json; charset=utf-8', 'Content-Length': '14', 'ETag': 'W/"e-9/1BuKMgFObM1mWJm+YjxtXJnUM"', 'Date': 'Tue, 10 Mar 2026 17:38:24 GMT', 'Connection': 'keep-alive', 'Keep-Alive': 'timeout=600'})</msg>
<msg time="2026-03-11T00:38:24.226100" level="DEBUG">Finished Request</msg>
<msg time="2026-03-11T00:38:24.226436" level="TRACE">Return: None</msg>
<doc>Closes all open applications.</doc>
<status status="PASS" start="2026-03-11T00:38:23.962823" elapsed="0.263773"/>
</kw>
<doc>Verify all feature in the minimal todo application is working correctly</doc>
<tag>feature:todo</tag>
<tag>platform:mobile</tag>
<tag>test_id:Mobile_test_01</tag>
<status status="PASS" start="2026-03-11T00:38:06.107145" elapsed="18.119817"/>
</test>
<status status="PASS" start="2026-03-11T00:38:05.680852" elapsed="18.547564"/>
</suite>
<status status="PASS" start="2026-03-11T00:38:05.655760" elapsed="18.573662"/>
</suite>
<statistics>
<total>
<stat pass="1" fail="0" skip="0">All Tests</stat>
</total>
<tag>
<stat pass="1" fail="0" skip="0">feature:todo</stat>
<stat pass="1" fail="0" skip="0">platform:mobile</stat>
<stat pass="1" fail="0" skip="0">test_id:Mobile_test_01</stat>
</tag>
<suite>
<stat name="Testcases" id="s1" pass="1" fail="0" skip="0">Testcases</stat>
<stat name="Assignment4" id="s1-s1" pass="1" fail="0" skip="0">Testcases.Assignment4</stat>
</suite>
</statistics>
<errors>
</errors>
</robot>
